Log file open, 12/18/18 11:59:43
LogWindows: Failed to load 'aqProf.dll' (GetLastError=126)
LogWindows: File 'aqProf.dll' does not exist
LogWindows: Failed to load 'VtuneApi.dll' (GetLastError=126)
LogWindows: File 'VtuneApi.dll' does not exist
LogWindows: Failed to load 'VtuneApi32e.dll' (GetLastError=126)
LogWindows: File 'VtuneApi32e.dll' does not exist
LogConsoleResponse: Display: Failed to find resolution value strings in scalability ini. Falling back to default.
LogInit: Display: Running engine for game: BananaCollector
LogPakFile: Registered encryption key '00000000000000000000000000000000': 0 pak files mounted, 0 remain pending
LogPlatformFile: Not using cached read wrapper
LogTaskGraph: Started task graph with 5 named threads and 23 total threads with 3 sets of task threads.
LogStats: Stats thread started at 0.297019
LogD3D11RHI: Loaded GFSDK_Aftermath_Lib.x64.dll
LogICUInternationalization: ICU TimeZone Detection - Raw Offset: +8:00, Platform Override: ''
LogPluginManager: Mounting plugin AISupport
LogPluginManager: Mounting plugin LightPropagationVolume
LogPluginManager: Mounting plugin ActorLayerUtilities
LogPluginManager: Mounting plugin CLionSourceCodeAccess
LogPluginManager: Mounting plugin CodeLiteSourceCodeAccess
LogPluginManager: Mounting plugin KDevelopSourceCodeAccess
LogPluginManager: Mounting plugin NullSourceCodeAccess
LogPluginManager: Mounting plugin SubversionSourceControl
LogPluginManager: Mounting plugin UObjectPlugin
LogPluginManager: Mounting plugin VisualStudioCodeSourceCodeAccess
LogPluginManager: Mounting plugin VisualStudioSourceCodeAccess
LogPluginManager: Mounting plugin XCodeSourceCodeAccess
LogPluginManager: Mounting plugin AssetManagerEditor
LogPluginManager: Mounting plugin CryptoKeys
LogPluginManager: Mounting plugin DataValidation
LogPluginManager: Mounting plugin FacialAnimation
LogPluginManager: Mounting plugin GameplayTagsEditor
LogPluginManager: Mounting plugin MacGraphicsSwitching
LogPluginManager: Mounting plugin MeshEditor
LogPluginManager: Mounting plugin MobileLauncherProfileWizard
LogPluginManager: Mounting plugin PluginBrowser
LogPluginManager: Mounting plugin SpeedTreeImporter
LogPluginManager: Mounting plugin DatasmithContent
LogPluginManager: Mounting plugin VariantManagerContent
LogPluginManager: Mounting plugin AlembicImporter
LogPluginManager: Mounting plugin AppleImageUtils
LogPluginManager: Mounting plugin AppleVision
LogPluginManager: Mounting plugin BackChannel
LogPluginManager: Mounting plugin CharacterAI
LogPluginManager: Mounting plugin GeometryCache
LogPluginManager: Mounting plugin HTML5Networking
LogPluginManager: Mounting plugin ProxyLODPlugin
LogPluginManager: Mounting plugin MagicLeap
LogPluginManager: Mounting plugin MagicLeapMedia
LogPluginManager: Mounting plugin AndroidMedia
LogPluginManager: Mounting plugin AvfMedia
LogPluginManager: Mounting plugin ImgMedia
LogPluginManager: Mounting plugin LinearTimecode
LogPluginManager: Mounting plugin MediaCompositing
LogPluginManager: Mounting plugin MediaPlayerEditor
LogPluginManager: Mounting plugin WebMMedia
LogPluginManager: Mounting plugin WmfMedia
LogPluginManager: Mounting plugin TcpMessaging
LogPluginManager: Mounting plugin UdpMessaging
LogPluginManager: Mounting plugin ActorSequence
LogPluginManager: Mounting plugin LevelSequenceEditor
LogPluginManager: Mounting plugin MatineeToLevelSequence
LogPluginManager: Mounting plugin NetcodeUnitTest
LogPluginManager: Mounting plugin NUTUnrealEngine4
LogPluginManager: Mounting plugin OnlineSubsystemGooglePlay
LogPluginManager: Mounting plugin OnlineSubsystemIOS
LogPluginManager: Mounting plugin OnlineSubsystem
LogPluginManager: Mounting plugin OnlineSubsystemNull
LogPluginManager: Mounting plugin OnlineSubsystemUtils
LogPluginManager: Mounting plugin LauncherChunkInstaller
LogPluginManager: Mounting plugin AndroidDeviceProfileSelector
LogPluginManager: Mounting plugin AndroidMoviePlayer
LogPluginManager: Mounting plugin AndroidPermission
LogPluginManager: Mounting plugin AppleMoviePlayer
LogPluginManager: Mounting plugin ArchVisCharacter
LogPluginManager: Mounting plugin AudioCapture
LogPluginManager: Mounting plugin CableComponent
LogPluginManager: Mounting plugin CustomMeshComponent
LogPluginManager: Mounting plugin EditableMesh
LogPluginManager: Mounting plugin ExampleDeviceProfileSelector
LogPluginManager: Mounting plugin Firebase
LogPluginManager: Mounting plugin GoogleCloudMessaging
LogPluginManager: Mounting plugin HoudiniEngine
LogPluginManager: Mounting plugin IOSDeviceProfileSelector
LogPluginManager: Mounting plugin LinuxDeviceProfileSelector
LogPluginManager: Mounting plugin LocationServicesBPLibrary
LogPluginManager: Mounting plugin MobilePatchingUtils
LogPluginManager: Mounting plugin PhysXVehicles
LogPluginManager: Mounting plugin ProceduralMeshComponent
LogPluginManager: Mounting plugin RuntimePhysXCooking
LogPluginManager: Mounting plugin WebMMoviePlayer
LogPluginManager: Mounting plugin WindowsMoviePlayer
LogStreaming: Display: Took  0.087s to configure plugins.
LogInit: Using libcurl 7.55.1-DEV
LogInit:  - built for x86_64-pc-win32
LogInit:  - supports SSL with OpenSSL/1.0.2h
LogInit:  - supports HTTP deflate (compression) using libz 1.2.8
LogInit:  - other features:
LogInit:      CURL_VERSION_SSL
LogInit:      CURL_VERSION_LIBZ
LogInit:      CURL_VERSION_IPV6
LogInit:      CURL_VERSION_ASYNCHDNS
LogInit:      CURL_VERSION_LARGEFILE
LogInit:      CURL_VERSION_IDN
LogInit:  CurlRequestOptions (configurable via config and command line):
LogInit:  - bVerifyPeer = true  - Libcurl will verify peer certificate
LogInit:  - bUseHttpProxy = false  - Libcurl will NOT use HTTP proxy
LogInit:  - bDontReuseConnections = false  - Libcurl will reuse connections
LogInit:  - MaxHostConnections = 16  - Libcurl will limit the number of connections to a host
LogInit:  - LocalHostAddr = Default
LogInit:  - BufferSize = 65536
LogInit: WinSock: version 1.1 (2.2), MaxSocks=32767, MaxUdp=65467
LogInit: Build: ++UE4+Release-4.21-CL-0
LogInit: Engine Version: 4.21.1-0+++UE4+Release-4.21
LogInit: Compatible Engine Version: 4.21.0-0+++UE4+Release-4.21
LogInit: Net CL: 0
LogInit: OS: Windows 10 (), CPU: Intel(R) Core(TM) i7-7700 CPU @ 3.60GHz, GPU: NVIDIA GeForce GTX 1060 3GB
LogInit: Compiled (64-bit): Dec 15 2018 15:32:10
LogInit: Compiled with Visual C++: 19.16.27024.01
LogInit: Build Configuration: Development
LogInit: Branch Name: ++UE4+Release-4.21
LogInit: Command Line: 
LogInit: Base Directory: E:/svn/client/UnrealEngine/Engine/Binaries/Win64/
LogInit: Installed Engine Build: 0
LogDevObjectVersion: Number of dev versions registered: 22
LogDevObjectVersion:   Dev-Blueprints (B0D832E4-1F89-4F0D-ACCF-7EB736FD4AA2): 10
LogDevObjectVersion:   Dev-Build (E1C64328-A22C-4D53-A36C-8E866417BD8C): 0
LogDevObjectVersion:   Dev-Core (375EC13C-06E4-48FB-B500-84F0262A717E): 2
LogDevObjectVersion:   Dev-Editor (E4B068ED-F494-42E9-A231-DA0B2E46BB41): 26
LogDevObjectVersion:   Dev-Framework (CFFC743F-43B0-4480-9391-14DF171D2073): 34
LogDevObjectVersion:   Dev-Mobile (B02B49B5-BB20-44E9-A304-32B752E40360): 2
LogDevObjectVersion:   Dev-Networking (A4E4105C-59A1-49B5-A7C5-40C4547EDFEE): 0
LogDevObjectVersion:   Dev-Online (39C831C9-5AE6-47DC-9A44-9C173E1C8E7C): 0
LogDevObjectVersion:   Dev-Physics (78F01B33-EBEA-4F98-B9B4-84EACCB95AA2): 0
LogDevObjectVersion:   Dev-Platform (6631380F-2D4D-43E0-8009-CF276956A95A): 0
LogDevObjectVersion:   Dev-Rendering (12F88B9F-8875-4AFC-A67C-D90C383ABD29): 27
LogDevObjectVersion:   Dev-Sequencer (7B5AE74C-D270-4C10-A958-57980B212A5A): 9
LogDevObjectVersion:   Dev-VR (D7296918-1DD6-4BDD-9DE2-64A83CC13884): 2
LogDevObjectVersion:   Dev-LoadTimes (C2A15278-BFE7-4AFE-6C17-90FF531DF755): 1
LogDevObjectVersion:   Private-Geometry (6EACA3D4-40EC-4CC1-B786-8BED09428FC5): 3
LogDevObjectVersion:   Dev-AnimPhys (29E575DD-E0A3-4627-9D10-D276232CDCEA): 17
LogDevObjectVersion:   Dev-Anim (AF43A65D-7FD3-4947-9873-3E8ED9C1BB05): 2
LogDevObjectVersion:   Dev-ReflectionCapture (6B266CEC-1EC7-4B8F-A30B-E4D90942FC07): 1
LogDevObjectVersion:   Dev-Automation (0DF73D61-A23F-47EA-B727-89E90C41499A): 1
LogDevObjectVersion:   FortniteMain (601D1886-AC64-4F84-AA16-D3DE0DEAC7D6): 17
LogDevObjectVersion:   Dev-Enterprise (9DFFBCD6-494F-0158-E221-12823C92A888): 4
LogDevObjectVersion:   Dev-Niagara (F2AED0AC-9AFE-416F-8664-AA7FFA26D6FC): 1
LogStreaming: Display: Took  0.000s to delete old logs.
LogInit: Presizing for max 8388607 objects, including 0 objects not considered by GC, pre-allocating 0 bytes for permanent pool.
LogInit: Object subsystem initialized
LogConfig: Setting CVar [[con.DebugEarlyDefault:1]]
LogConfig: Setting CVar [[r.setres:1280x720]]
[2018.12.18-03.59.44:048][  0]LogConfig: Setting CVar [[r.VSync:0]]
[2018.12.18-03.59.44:048][  0]LogConfig: Setting CVar [[r.RHICmdBypass:0]]
[2018.12.18-03.59.44:048][  0]LogConfig: Applying CVar settings from Section [/Script/Engine.RendererSettings] File [E:/github/ue4-examples/tutorials/BananaCollectorStarter 4.21/Saved/Config/Windows/Engine.ini]
[2018.12.18-03.59.44:048][  0]LogConfig: Setting CVar [[r.GPUCrashDebugging:0]]
[2018.12.18-03.59.44:048][  0]LogConfig: Applying CVar settings from Section [/Script/Engine.RendererOverrideSettings] File [E:/github/ue4-examples/tutorials/BananaCollectorStarter 4.21/Saved/Config/Windows/Engine.ini]
[2018.12.18-03.59.44:048][  0]LogConfig: Applying CVar settings from Section [/Script/Engine.StreamingSettings] File [E:/github/ue4-examples/tutorials/BananaCollectorStarter 4.21/Saved/Config/Windows/Engine.ini]
[2018.12.18-03.59.44:048][  0]LogConfig: Setting CVar [[s.MinBulkDataSizeForAsyncLoading:131072]]
[2018.12.18-03.59.44:048][  0]LogConfig: Setting CVar [[s.AsyncLoadingThreadEnabled:0]]
[2018.12.18-03.59.44:048][  0]LogConfig: Setting CVar [[s.EventDrivenLoaderEnabled:1]]
[2018.12.18-03.59.44:048][  0]LogConfig: Setting CVar [[s.WarnIfTimeLimitExceeded:0]]
[2018.12.18-03.59.44:048][  0]LogConfig: Setting CVar [[s.TimeLimitExceededMultiplier:1.5]]
[2018.12.18-03.59.44:048][  0]LogConfig: Setting CVar [[s.TimeLimitExceededMinTime:0.005]]
[2018.12.18-03.59.44:048][  0]LogConfig: Setting CVar [[s.UseBackgroundLevelStreaming:1]]
[2018.12.18-03.59.44:048][  0]LogConfig: Setting CVar [[s.PriorityAsyncLoadingExtraTime:15.0]]
[2018.12.18-03.59.44:048][  0]LogConfig: Setting CVar [[s.LevelStreamingActorsUpdateTimeLimit:5.0]]
[2018.12.18-03.59.44:048][  0]LogConfig: Setting CVar [[s.PriorityLevelStreamingActorsUpdateExtraTime:5.0]]
[2018.12.18-03.59.44:048][  0]LogConfig: Setting CVar [[s.LevelStreamingComponentsRegistrationGranularity:10]]
[2018.12.18-03.59.44:048][  0]LogConfig: Setting CVar [[s.UnregisterComponentsTimeLimit:1.0]]
[2018.12.18-03.59.44:048][  0]LogConfig: Setting CVar [[s.LevelStreamingComponentsUnregistrationGranularity:5]]
[2018.12.18-03.59.44:048][  0]LogConfig: Applying CVar settings from Section [/Script/Engine.GarbageCollectionSettings] File [E:/github/ue4-examples/tutorials/BananaCollectorStarter 4.21/Saved/Config/Windows/Engine.ini]
[2018.12.18-03.59.44:048][  0]LogConfig: Setting CVar [[gc.MaxObjectsNotConsideredByGC:1]]
[2018.12.18-03.59.44:049][  0]LogConfig: Setting CVar [[gc.SizeOfPermanentObjectPool:0]]
[2018.12.18-03.59.44:049][  0]LogConfig: Setting CVar [[gc.FlushStreamingOnGC:0]]
[2018.12.18-03.59.44:049][  0]LogConfig: Setting CVar [[gc.NumRetriesBeforeForcingGC:10]]
[2018.12.18-03.59.44:049][  0]LogConfig: Setting CVar [[gc.AllowParallelGC:1]]
[2018.12.18-03.59.44:049][  0]LogConfig: Setting CVar [[gc.TimeBetweenPurgingPendingKillObjects:61.1]]
[2018.12.18-03.59.44:049][  0]LogConfig: Setting CVar [[gc.MaxObjectsInEditor:8388607]]
[2018.12.18-03.59.44:049][  0]LogConfig: Setting CVar [[gc.IncrementalBeginDestroyEnabled:1]]
[2018.12.18-03.59.44:049][  0]LogConfig: Setting CVar [[gc.CreateGCClusters:1]]
[2018.12.18-03.59.44:049][  0]LogConfig: Setting CVar [[gc.MergeGCClusters:0]]
[2018.12.18-03.59.44:049][  0]LogConfig: Setting CVar [[gc.MinGCClusterSize:5]]
[2018.12.18-03.59.44:049][  0]LogConfig: Setting CVar [[gc.ActorClusteringEnabled:0]]
[2018.12.18-03.59.44:049][  0]LogConfig: Setting CVar [[gc.BlueprintClusteringEnabled:0]]
[2018.12.18-03.59.44:049][  0]LogConfig: Setting CVar [[gc.UseDisregardForGCOnDedicatedServers:0]]
[2018.12.18-03.59.44:049][  0]LogConfig: Applying CVar settings from Section [/Script/Engine.NetworkSettings] File [E:/github/ue4-examples/tutorials/BananaCollectorStarter 4.21/Saved/Config/Windows/Engine.ini]
[2018.12.18-03.59.44:049][  0]LogConfig: Applying CVar settings from Section [/Script/UnrealEd.CookerSettings] File [E:/github/ue4-examples/tutorials/BananaCollectorStarter 4.21/Saved/Config/Windows/Engine.ini]
[2018.12.18-03.59.44:059][  0]LogConfig: Applying CVar settings from Section [ViewDistanceQuality@3] File [E:/github/ue4-examples/tutorials/BananaCollectorStarter 4.21/Saved/Config/Windows/Scalability.ini]
[2018.12.18-03.59.44:059][  0]LogConfig: Setting CVar [[r.SkeletalMeshLODBias:0]]
[2018.12.18-03.59.44:059][  0]LogConfig: Setting CVar [[r.ViewDistanceScale:1.0]]
[2018.12.18-03.59.44:059][  0]LogConfig: Applying CVar settings from Section [AntiAliasingQuality@3] File [E:/github/ue4-examples/tutorials/BananaCollectorStarter 4.21/Saved/Config/Windows/Scalability.ini]
[2018.12.18-03.59.44:059][  0]LogConfig: Setting CVar [[r.PostProcessAAQuality:4]]
[2018.12.18-03.59.44:059][  0]LogConfig: Applying CVar settings from Section [ShadowQuality@3] File [E:/github/ue4-examples/tutorials/BananaCollectorStarter 4.21/Saved/Config/Windows/Scalability.ini]
[2018.12.18-03.59.44:059][  0]LogConfig: Setting CVar [[r.LightFunctionQuality:1]]
[2018.12.18-03.59.44:059][  0]LogConfig: Setting CVar [[r.ShadowQuality:5]]
[2018.12.18-03.59.44:060][  0]LogConfig: Setting CVar [[r.Shadow.CSM.MaxCascades:10]]
[2018.12.18-03.59.44:060][  0]LogConfig: Setting CVar [[r.Shadow.MaxResolution:2048]]
[2018.12.18-03.59.44:060][  0]LogConfig: Setting CVar [[r.Shadow.MaxCSMResolution:2048]]
[2018.12.18-03.59.44:060][  0]LogConfig: Setting CVar [[r.Shadow.RadiusThreshold:0.01]]
[2018.12.18-03.59.44:060][  0]LogConfig: Setting CVar [[r.Shadow.DistanceScale:1.0]]
[2018.12.18-03.59.44:060][  0]LogConfig: Setting CVar [[r.Shadow.CSM.TransitionScale:1.0]]
[2018.12.18-03.59.44:060][  0]LogConfig: Setting CVar [[r.Shadow.PreShadowResolutionFactor:1.0]]
[2018.12.18-03.59.44:060][  0]LogConfig: Setting CVar [[r.DistanceFieldShadowing:1]]
[2018.12.18-03.59.44:060][  0]LogConfig: Setting CVar [[r.DistanceFieldAO:1]]
[2018.12.18-03.59.44:060][  0]LogConfig: Setting CVar [[r.AOQuality:2]]
[2018.12.18-03.59.44:060][  0]LogConfig: Setting CVar [[r.VolumetricFog:1]]
[2018.12.18-03.59.44:060][  0]LogConfig: Setting CVar [[r.VolumetricFog.GridPixelSize:8]]
[2018.12.18-03.59.44:060][  0]LogConfig: Setting CVar [[r.VolumetricFog.GridSizeZ:128]]
[2018.12.18-03.59.44:060][  0]LogConfig: Setting CVar [[r.VolumetricFog.HistoryMissSupersampleCount:4]]
[2018.12.18-03.59.44:060][  0]LogConfig: Setting CVar [[r.LightMaxDrawDistanceScale:1]]
[2018.12.18-03.59.44:060][  0]LogConfig: Setting CVar [[r.CapsuleShadows:1]]
[2018.12.18-03.59.44:060][  0]LogConfig: Applying CVar settings from Section [PostProcessQuality@3] File [E:/github/ue4-examples/tutorials/BananaCollectorStarter 4.21/Saved/Config/Windows/Scalability.ini]
[2018.12.18-03.59.44:060][  0]LogConfig: Setting CVar [[r.MotionBlurQuality:4]]
[2018.12.18-03.59.44:060][  0]LogConfig: Setting CVar [[r.AmbientOcclusionMipLevelFactor:0.4]]
[2018.12.18-03.59.44:060][  0]LogConfig: Setting CVar [[r.AmbientOcclusionMaxQuality:100]]
[2018.12.18-03.59.44:060][  0]LogConfig: Setting CVar [[r.AmbientOcclusionLevels:-1]]
[2018.12.18-03.59.44:060][  0]LogConfig: Setting CVar [[r.AmbientOcclusionRadiusScale:1.0]]
[2018.12.18-03.59.44:060][  0]LogConfig: Setting CVar [[r.DepthOfFieldQuality:2]]
[2018.12.18-03.59.44:060][  0]LogConfig: Setting CVar [[r.RenderTargetPoolMin:400]]
[2018.12.18-03.59.44:060][  0]LogConfig: Setting CVar [[r.LensFlareQuality:2]]
[2018.12.18-03.59.44:060][  0]LogConfig: Setting CVar [[r.SceneColorFringeQuality:1]]
[2018.12.18-03.59.44:060][  0]LogConfig: Setting CVar [[r.EyeAdaptationQuality:2]]
[2018.12.18-03.59.44:060][  0]LogConfig: Setting CVar [[r.BloomQuality:5]]
[2018.12.18-03.59.44:060][  0]LogConfig: Setting CVar [[r.FastBlurThreshold:100]]
[2018.12.18-03.59.44:060][  0]LogConfig: Setting CVar [[r.Upscale.Quality:3]]
[2018.12.18-03.59.44:060][  0]LogConfig: Setting CVar [[r.Tonemapper.GrainQuantization:1]]
[2018.12.18-03.59.44:060][  0]LogConfig: Setting CVar [[r.LightShaftQuality:1]]
[2018.12.18-03.59.44:060][  0]LogConfig: Setting CVar [[r.Filter.SizeScale:1]]
[2018.12.18-03.59.44:060][  0]LogConfig: Setting CVar [[r.Tonemapper.Quality:5]]
[2018.12.18-03.59.44:060][  0]LogConfig: Setting CVar [[r.DOF.Gather.AccumulatorQuality:1        ; higher gathering accumulator quality]]
[2018.12.18-03.59.44:060][  0]LogConfig: Setting CVar [[r.DOF.Gather.PostfilterMethod:1          ; Median3x3 postfilering method]]
[2018.12.18-03.59.44:060][  0]LogConfig: Setting CVar [[r.DOF.Gather.EnableBokehSettings:0       ; no bokeh simulation when gathering]]
[2018.12.18-03.59.44:060][  0]LogConfig: Setting CVar [[r.DOF.Gather.RingCount:4                 ; medium number of samples when gathering]]
[2018.12.18-03.59.44:060][  0]LogConfig: Setting CVar [[r.DOF.Scatter.ForegroundCompositing:1    ; additive foreground scattering]]
[2018.12.18-03.59.44:060][  0]LogConfig: Setting CVar [[r.DOF.Scatter.BackgroundCompositing:2    ; additive background scattering]]
[2018.12.18-03.59.44:060][  0]LogConfig: Setting CVar [[r.DOF.Scatter.EnableBokehSettings:1      ; bokeh simulation when scattering]]
[2018.12.18-03.59.44:060][  0]LogConfig: Setting CVar [[r.DOF.Scatter.MaxSpriteRatio:0.1         ; only a maximum of 10% of scattered bokeh]]
[2018.12.18-03.59.44:060][  0]LogConfig: Setting CVar [[r.DOF.Recombine.Quality:1                ; cheap slight out of focus]]
[2018.12.18-03.59.44:060][  0]LogConfig: Setting CVar [[r.DOF.Recombine.EnableBokehSettings:0    ; no bokeh simulation on slight out of focus]]
[2018.12.18-03.59.44:060][  0]LogConfig: Setting CVar [[r.DOF.TemporalAAQuality:1                ; more stable temporal accumulation]]
[2018.12.18-03.59.44:060][  0]LogConfig: Setting CVar [[r.DOF.Kernel.MaxForegroundRadius:0.025]]
[2018.12.18-03.59.44:060][  0]LogConfig: Setting CVar [[r.DOF.Kernel.MaxBackgroundRadius:0.025]]
[2018.12.18-03.59.44:060][  0]LogConfig: Applying CVar settings from Section [TextureQuality@3] File [E:/github/ue4-examples/tutorials/BananaCollectorStarter 4.21/Saved/Config/Windows/Scalability.ini]
[2018.12.18-03.59.44:060][  0]LogConfig: Setting CVar [[r.Streaming.MipBias:0]]
[2018.12.18-03.59.44:060][  0]LogConfig: Setting CVar [[r.Streaming.AmortizeCPUToGPUCopy:0]]
[2018.12.18-03.59.44:060][  0]LogConfig: Setting CVar [[r.Streaming.MaxNumTexturesToStreamPerFrame:0]]
[2018.12.18-03.59.44:060][  0]LogConfig: Setting CVar [[r.Streaming.Boost:1]]
[2018.12.18-03.59.44:060][  0]LogConfig: Setting CVar [[r.MaxAnisotropy:8]]
[2018.12.18-03.59.44:060][  0]LogConfig: Setting CVar [[r.Streaming.LimitPoolSizeToVRAM:0]]
[2018.12.18-03.59.44:060][  0]LogConfig: Setting CVar [[r.Streaming.PoolSize:1000]]
[2018.12.18-03.59.44:060][  0]LogConfig: Setting CVar [[r.Streaming.MaxEffectiveScreenSize:0]]
[2018.12.18-03.59.44:060][  0]LogConfig: Applying CVar settings from Section [EffectsQuality@3] File [E:/github/ue4-examples/tutorials/BananaCollectorStarter 4.21/Saved/Config/Windows/Scalability.ini]
[2018.12.18-03.59.44:060][  0]LogConfig: Setting CVar [[r.TranslucencyLightingVolumeDim:64]]
[2018.12.18-03.59.44:060][  0]LogConfig: Setting CVar [[r.RefractionQuality:2]]
[2018.12.18-03.59.44:060][  0]LogConfig: Setting CVar [[r.SSR.Quality:3]]
[2018.12.18-03.59.44:060][  0]LogConfig: Setting CVar [[r.SceneColorFormat:4]]
[2018.12.18-03.59.44:060][  0]LogConfig: Setting CVar [[r.DetailMode:2]]
[2018.12.18-03.59.44:060][  0]LogConfig: Setting CVar [[r.TranslucencyVolumeBlur:1]]
[2018.12.18-03.59.44:060][  0]LogConfig: Setting CVar [[r.MaterialQualityLevel:1 ; High quality]]
[2018.12.18-03.59.44:060][  0]LogConfig: Setting CVar [[r.SSS.Scale:1]]
[2018.12.18-03.59.44:060][  0]LogConfig: Setting CVar [[r.SSS.SampleSet:2]]
[2018.12.18-03.59.44:060][  0]LogConfig: Setting CVar [[r.SSS.Quality:1]]
[2018.12.18-03.59.44:060][  0]LogConfig: Setting CVar [[r.SSS.HalfRes:1]]
[2018.12.18-03.59.44:060][  0]LogConfig: Setting CVar [[r.EmitterSpawnRateScale:1.0]]
[2018.12.18-03.59.44:060][  0]LogConfig: Setting CVar [[r.ParticleLightQuality:2]]
[2018.12.18-03.59.44:060][  0]LogConfig: Applying CVar settings from Section [FoliageQuality@3] File [E:/github/ue4-examples/tutorials/BananaCollectorStarter 4.21/Saved/Config/Windows/Scalability.ini]
[2018.12.18-03.59.44:060][  0]LogConfig: Setting CVar [[foliage.DensityScale:1.0]]
[2018.12.18-03.59.44:060][  0]LogConfig: Setting CVar [[grass.DensityScale:1.0]]
[2018.12.18-03.59.44:060][  0]LogInit: Selected Device Profile: [Windows]
[2018.12.18-03.59.44:060][  0]LogInit: Applying CVar settings loaded from the selected device profile: [Windows]
[2018.12.18-03.59.44:066][  0]LogHAL: Display: Platform has ~ 16 GB [17104461824 / 17179869184 / 16], which maps to Larger [LargestMinGB=32, LargerMinGB=12, DefaultMinGB=8, SmallerMinGB=6, SmallestMinGB=0)
[2018.12.18-03.59.44:066][  0]LogConfig: Setting CVar [[r.Vulkan.UseRealUBs:1]]
[2018.12.18-03.59.44:066][  0]LogInit: Going up to parent DeviceProfile []
[2018.12.18-03.59.44:066][  0]LogConfig: Applying CVar settings from Section [ViewDistanceQuality@3] File [E:/github/ue4-examples/tutorials/BananaCollectorStarter 4.21/Saved/Config/Windows/Scalability.ini]
[2018.12.18-03.59.44:066][  0]LogConfig: Setting CVar [[r.SkeletalMeshLODBias:0]]
[2018.12.18-03.59.44:066][  0]LogConfig: Setting CVar [[r.ViewDistanceScale:1.0]]
[2018.12.18-03.59.44:066][  0]LogConfig: Applying CVar settings from Section [AntiAliasingQuality@3] File [E:/github/ue4-examples/tutorials/BananaCollectorStarter 4.21/Saved/Config/Windows/Scalability.ini]
[2018.12.18-03.59.44:066][  0]LogConfig: Setting CVar [[r.PostProcessAAQuality:4]]
[2018.12.18-03.59.44:066][  0]LogConfig: Applying CVar settings from Section [ShadowQuality@3] File [E:/github/ue4-examples/tutorials/BananaCollectorStarter 4.21/Saved/Config/Windows/Scalability.ini]
[2018.12.18-03.59.44:066][  0]LogConfig: Setting CVar [[r.LightFunctionQuality:1]]
[2018.12.18-03.59.44:066][  0]LogConfig: Setting CVar [[r.ShadowQuality:5]]
[2018.12.18-03.59.44:066][  0]LogConfig: Setting CVar [[r.Shadow.CSM.MaxCascades:10]]
[2018.12.18-03.59.44:066][  0]LogConfig: Setting CVar [[r.Shadow.MaxResolution:2048]]
[2018.12.18-03.59.44:066][  0]LogConfig: Setting CVar [[r.Shadow.MaxCSMResolution:2048]]
[2018.12.18-03.59.44:066][  0]LogConfig: Setting CVar [[r.Shadow.RadiusThreshold:0.01]]
[2018.12.18-03.59.44:066][  0]LogConfig: Setting CVar [[r.Shadow.DistanceScale:1.0]]
[2018.12.18-03.59.44:066][  0]LogConfig: Setting CVar [[r.Shadow.CSM.TransitionScale:1.0]]
[2018.12.18-03.59.44:066][  0]LogConfig: Setting CVar [[r.Shadow.PreShadowResolutionFactor:1.0]]
[2018.12.18-03.59.44:066][  0]LogConfig: Setting CVar [[r.DistanceFieldShadowing:1]]
[2018.12.18-03.59.44:066][  0]LogConfig: Setting CVar [[r.DistanceFieldAO:1]]
[2018.12.18-03.59.44:066][  0]LogConfig: Setting CVar [[r.AOQuality:2]]
[2018.12.18-03.59.44:066][  0]LogConfig: Setting CVar [[r.VolumetricFog:1]]
[2018.12.18-03.59.44:066][  0]LogConfig: Setting CVar [[r.VolumetricFog.GridPixelSize:8]]
[2018.12.18-03.59.44:066][  0]LogConfig: Setting CVar [[r.VolumetricFog.GridSizeZ:128]]
[2018.12.18-03.59.44:067][  0]LogConfig: Setting CVar [[r.VolumetricFog.HistoryMissSupersampleCount:4]]
[2018.12.18-03.59.44:067][  0]LogConfig: Setting CVar [[r.LightMaxDrawDistanceScale:1]]
[2018.12.18-03.59.44:067][  0]LogConfig: Setting CVar [[r.CapsuleShadows:1]]
[2018.12.18-03.59.44:067][  0]LogConfig: Applying CVar settings from Section [PostProcessQuality@3] File [E:/github/ue4-examples/tutorials/BananaCollectorStarter 4.21/Saved/Config/Windows/Scalability.ini]
[2018.12.18-03.59.44:067][  0]LogConfig: Setting CVar [[r.MotionBlurQuality:4]]
[2018.12.18-03.59.44:067][  0]LogConfig: Setting CVar [[r.AmbientOcclusionMipLevelFactor:0.4]]
[2018.12.18-03.59.44:067][  0]LogConfig: Setting CVar [[r.AmbientOcclusionMaxQuality:100]]
[2018.12.18-03.59.44:067][  0]LogConfig: Setting CVar [[r.AmbientOcclusionLevels:-1]]
[2018.12.18-03.59.44:067][  0]LogConfig: Setting CVar [[r.AmbientOcclusionRadiusScale:1.0]]
[2018.12.18-03.59.44:067][  0]LogConfig: Setting CVar [[r.DepthOfFieldQuality:2]]
[2018.12.18-03.59.44:067][  0]LogConfig: Setting CVar [[r.RenderTargetPoolMin:400]]
[2018.12.18-03.59.44:067][  0]LogConfig: Setting CVar [[r.LensFlareQuality:2]]
[2018.12.18-03.59.44:067][  0]LogConfig: Setting CVar [[r.SceneColorFringeQuality:1]]
[2018.12.18-03.59.44:067][  0]LogConfig: Setting CVar [[r.EyeAdaptationQuality:2]]
[2018.12.18-03.59.44:067][  0]LogConfig: Setting CVar [[r.BloomQuality:5]]
[2018.12.18-03.59.44:067][  0]LogConfig: Setting CVar [[r.FastBlurThreshold:100]]
[2018.12.18-03.59.44:067][  0]LogConfig: Setting CVar [[r.Upscale.Quality:3]]
[2018.12.18-03.59.44:067][  0]LogConfig: Setting CVar [[r.Tonemapper.GrainQuantization:1]]
[2018.12.18-03.59.44:067][  0]LogConfig: Setting CVar [[r.LightShaftQuality:1]]
[2018.12.18-03.59.44:067][  0]LogConfig: Setting CVar [[r.Filter.SizeScale:1]]
[2018.12.18-03.59.44:067][  0]LogConfig: Setting CVar [[r.Tonemapper.Quality:5]]
[2018.12.18-03.59.44:067][  0]LogConfig: Setting CVar [[r.DOF.Gather.AccumulatorQuality:1        ; higher gathering accumulator quality]]
[2018.12.18-03.59.44:067][  0]LogConfig: Setting CVar [[r.DOF.Gather.PostfilterMethod:1          ; Median3x3 postfilering method]]
[2018.12.18-03.59.44:067][  0]LogConfig: Setting CVar [[r.DOF.Gather.EnableBokehSettings:0       ; no bokeh simulation when gathering]]
[2018.12.18-03.59.44:067][  0]LogConfig: Setting CVar [[r.DOF.Gather.RingCount:4                 ; medium number of samples when gathering]]
[2018.12.18-03.59.44:067][  0]LogConfig: Setting CVar [[r.DOF.Scatter.ForegroundCompositing:1    ; additive foreground scattering]]
[2018.12.18-03.59.44:067][  0]LogConfig: Setting CVar [[r.DOF.Scatter.BackgroundCompositing:2    ; additive background scattering]]
[2018.12.18-03.59.44:067][  0]LogConfig: Setting CVar [[r.DOF.Scatter.EnableBokehSettings:1      ; bokeh simulation when scattering]]
[2018.12.18-03.59.44:067][  0]LogConfig: Setting CVar [[r.DOF.Scatter.MaxSpriteRatio:0.1         ; only a maximum of 10% of scattered bokeh]]
[2018.12.18-03.59.44:067][  0]LogConfig: Setting CVar [[r.DOF.Recombine.Quality:1                ; cheap slight out of focus]]
[2018.12.18-03.59.44:067][  0]LogConfig: Setting CVar [[r.DOF.Recombine.EnableBokehSettings:0    ; no bokeh simulation on slight out of focus]]
[2018.12.18-03.59.44:067][  0]LogConfig: Setting CVar [[r.DOF.TemporalAAQuality:1                ; more stable temporal accumulation]]
[2018.12.18-03.59.44:067][  0]LogConfig: Setting CVar [[r.DOF.Kernel.MaxForegroundRadius:0.025]]
[2018.12.18-03.59.44:067][  0]LogConfig: Setting CVar [[r.DOF.Kernel.MaxBackgroundRadius:0.025]]
[2018.12.18-03.59.44:067][  0]LogConfig: Applying CVar settings from Section [TextureQuality@3] File [E:/github/ue4-examples/tutorials/BananaCollectorStarter 4.21/Saved/Config/Windows/Scalability.ini]
[2018.12.18-03.59.44:067][  0]LogConfig: Setting CVar [[r.Streaming.MipBias:0]]
[2018.12.18-03.59.44:067][  0]LogConfig: Setting CVar [[r.Streaming.AmortizeCPUToGPUCopy:0]]
[2018.12.18-03.59.44:067][  0]LogConfig: Setting CVar [[r.Streaming.MaxNumTexturesToStreamPerFrame:0]]
[2018.12.18-03.59.44:067][  0]LogConfig: Setting CVar [[r.Streaming.Boost:1]]
[2018.12.18-03.59.44:067][  0]LogConfig: Setting CVar [[r.MaxAnisotropy:8]]
[2018.12.18-03.59.44:067][  0]LogConfig: Setting CVar [[r.Streaming.LimitPoolSizeToVRAM:0]]
[2018.12.18-03.59.44:067][  0]LogConfig: Setting CVar [[r.Streaming.PoolSize:1000]]
[2018.12.18-03.59.44:067][  0]LogConfig: Setting CVar [[r.Streaming.MaxEffectiveScreenSize:0]]
[2018.12.18-03.59.44:067][  0]LogConfig: Applying CVar settings from Section [EffectsQuality@3] File [E:/github/ue4-examples/tutorials/BananaCollectorStarter 4.21/Saved/Config/Windows/Scalability.ini]
[2018.12.18-03.59.44:067][  0]LogConfig: Setting CVar [[r.TranslucencyLightingVolumeDim:64]]
[2018.12.18-03.59.44:067][  0]LogConfig: Setting CVar [[r.RefractionQuality:2]]
[2018.12.18-03.59.44:067][  0]LogConfig: Setting CVar [[r.SSR.Quality:3]]
[2018.12.18-03.59.44:067][  0]LogConfig: Setting CVar [[r.SceneColorFormat:4]]
[2018.12.18-03.59.44:067][  0]LogConfig: Setting CVar [[r.DetailMode:2]]
[2018.12.18-03.59.44:067][  0]LogConfig: Setting CVar [[r.TranslucencyVolumeBlur:1]]
[2018.12.18-03.59.44:067][  0]LogConfig: Setting CVar [[r.MaterialQualityLevel:1 ; High quality]]
[2018.12.18-03.59.44:067][  0]LogConfig: Setting CVar [[r.SSS.Scale:1]]
[2018.12.18-03.59.44:067][  0]LogConfig: Setting CVar [[r.SSS.SampleSet:2]]
[2018.12.18-03.59.44:067][  0]LogConfig: Setting CVar [[r.SSS.Quality:1]]
[2018.12.18-03.59.44:067][  0]LogConfig: Setting CVar [[r.SSS.HalfRes:1]]
[2018.12.18-03.59.44:067][  0]LogConfig: Setting CVar [[r.EmitterSpawnRateScale:1.0]]
[2018.12.18-03.59.44:067][  0]LogConfig: Setting CVar [[r.ParticleLightQuality:2]]
[2018.12.18-03.59.44:067][  0]LogConfig: Applying CVar settings from Section [FoliageQuality@3] File [E:/github/ue4-examples/tutorials/BananaCollectorStarter 4.21/Saved/Config/Windows/Scalability.ini]
[2018.12.18-03.59.44:067][  0]LogConfig: Setting CVar [[foliage.DensityScale:1.0]]
[2018.12.18-03.59.44:067][  0]LogConfig: Setting CVar [[grass.DensityScale:1.0]]
[2018.12.18-03.59.44:067][  0]LogConfig: Applying CVar settings from Section [Startup] File [../../../Engine/Config/ConsoleVariables.ini]
[2018.12.18-03.59.44:068][  0]LogConfig: Setting CVar [[net.UseAdaptiveNetUpdateFrequency:0]]
[2018.12.18-03.59.44:068][  0]LogConfig: Applying CVar settings from Section [ConsoleVariables] File [E:/github/ue4-examples/tutorials/BananaCollectorStarter 4.21/Saved/Config/Windows/Engine.ini]
[2018.12.18-03.59.44:068][  0]LogInit: Computer: captainliu-PC0
[2018.12.18-03.59.44:068][  0]LogInit: User: captainliu
[2018.12.18-03.59.44:068][  0]LogInit: CPU Page size=4096, Cores=4
[2018.12.18-03.59.44:068][  0]LogInit: High frequency timer resolution =3.515629 MHz
[2018.12.18-03.59.44:068][  0]LogMemory: Memory total: Physical=15.9GB (16GB approx)
[2018.12.18-03.59.44:068][  0]LogMemory: Platform Memory Stats for Windows
[2018.12.18-03.59.44:068][  0]LogMemory: Process Physical Memory: 114.18 MB used, 114.18 MB peak
[2018.12.18-03.59.44:068][  0]LogMemory: Process Virtual Memory: 89.32 MB used, 89.32 MB peak
[2018.12.18-03.59.44:068][  0]LogMemory: Physical Memory: 7428.22 MB used,  8883.86 MB free, 16312.09 MB total
[2018.12.18-03.59.44:068][  0]LogMemory: Virtual Memory: 624.75 MB used,  134217104.00 MB free, 134217728.00 MB total
[2018.12.18-03.59.44:265][  0]LogInit: Overriding language with editor language configuration option (en).
[2018.12.18-03.59.44:265][  0]LogInit: Overriding locale with editor locale configuration option (en).
[2018.12.18-03.59.44:645][  0]LogStreaming: Display: Took  0.380s to InitEngineTextLocalization.
[2018.12.18-03.59.44:646][  0]LogInit: Setting process to per monitor DPI aware
[2018.12.18-03.59.44:870][  0]LogSlate: New Slate User Created.  User Index 0, Is Virtual User: 0
[2018.12.18-03.59.44:870][  0]LogSlate: Slate User Registered.  User Index 0, Is Virtual User: 0
[2018.12.18-03.59.45:065][  0]LogD3D11RHI: D3D11 adapters:
[2018.12.18-03.59.45:352][  0]LogD3D11RHI:    0. 'NVIDIA GeForce GTX 1060 3GB' (Feature Level 11_0)
[2018.12.18-03.59.45:352][  0]LogD3D11RHI:       2988/0/8156 MB DedicatedVideo/DedicatedSystem/SharedSystem, Outputs:2, VendorId:0x10de
[2018.12.18-03.59.45:373][  0]LogD3D11RHI:    1. 'Microsoft Basic Render Driver' (Feature Level 11_0)
[2018.12.18-03.59.45:374][  0]LogD3D11RHI:       0/0/8156 MB DedicatedVideo/DedicatedSystem/SharedSystem, Outputs:0, VendorId:0x1414
[2018.12.18-03.59.45:374][  0]LogD3D11RHI: Chosen D3D11 Adapter: 0
[2018.12.18-03.59.45:381][  0]LogD3D11RHI: Creating new Direct3DDevice
[2018.12.18-03.59.45:381][  0]LogD3D11RHI:     GPU DeviceId: 0x1c02 (for the marketing name, search the web for "GPU Device Id")
[2018.12.18-03.59.45:381][  0]LogWindows: EnumDisplayDevices:
[2018.12.18-03.59.45:382][  0]LogWindows:    0. 'NVIDIA GeForce GTX 1060 3GB' (P:1 D:1)
[2018.12.18-03.59.45:382][  0]LogWindows:    1. 'NVIDIA GeForce GTX 1060 3GB' (P:0 D:1)
[2018.12.18-03.59.45:382][  0]LogWindows:    2. 'NVIDIA GeForce GTX 1060 3GB' (P:0 D:0)
[2018.12.18-03.59.45:383][  0]LogWindows:    3. 'NVIDIA GeForce GTX 1060 3GB' (P:0 D:0)
[2018.12.18-03.59.45:383][  0]LogWindows: DebugString: FoundDriverCount:4 
[2018.12.18-03.59.45:383][  0]LogD3D11RHI:     Adapter Name: NVIDIA GeForce GTX 1060 3GB
[2018.12.18-03.59.45:383][  0]LogD3D11RHI:   Driver Version: 390.65 (internal:23.21.13.9065, unified:390.65)
[2018.12.18-03.59.45:383][  0]LogD3D11RHI:      Driver Date: 1-3-2018
[2018.12.18-03.59.45:383][  0]LogRHI: Texture pool is 2091 MB (70% of 2988 MB)
[2018.12.18-03.59.45:416][  0]LogD3D11RHI: Async texture creation enabled
[2018.12.18-03.59.45:433][  0]LogD3D11RHI: GPU Timing Frequency: 1000.000000 (Debug: 2 2)
[2018.12.18-03.59.46:687][  0]LogTemp: Display: Loaded TP AllDesktopTargetPlatform
[2018.12.18-03.59.46:698][  0]LogTemp: Display: Loaded TP MacClientTargetPlatform
[2018.12.18-03.59.46:709][  0]LogTemp: Display: Loaded TP MacNoEditorTargetPlatform
[2018.12.18-03.59.46:719][  0]LogTemp: Display: Loaded TP MacServerTargetPlatform
[2018.12.18-03.59.46:730][  0]LogTemp: Display: Loaded TP MacTargetPlatform
[2018.12.18-03.59.46:741][  0]LogTemp: Display: Loaded TP WindowsClientTargetPlatform
[2018.12.18-03.59.46:752][  0]LogTemp: Display: Loaded TP WindowsNoEditorTargetPlatform
[2018.12.18-03.59.46:762][  0]LogTemp: Display: Loaded TP WindowsServerTargetPlatform
[2018.12.18-03.59.46:768][  0]LogTemp: Display: Loaded TP WindowsTargetPlatform
[2018.12.18-03.59.46:812][  0]LogTemp: Display: Loaded TP AndroidTargetPlatform
[2018.12.18-03.59.46:812][  0]LogTemp: Display: Loaded TP AndroidTargetPlatform
[2018.12.18-03.59.46:812][  0]LogTemp: Display: Loaded TP AndroidTargetPlatform
[2018.12.18-03.59.46:812][  0]LogTemp: Display: Loaded TP AndroidTargetPlatform
[2018.12.18-03.59.46:812][  0]LogTemp: Display: Loaded TP AndroidTargetPlatform
[2018.12.18-03.59.46:812][  0]LogTemp: Display: Loaded TP AndroidTargetPlatform
[2018.12.18-03.59.46:812][  0]LogTemp: Display: Loaded TP AndroidTargetPlatform
[2018.12.18-03.59.46:812][  0]LogTemp: Display: Loaded TP AndroidTargetPlatform
[2018.12.18-03.59.46:812][  0]LogTemp: Display: Loaded TP AndroidTargetPlatform
[2018.12.18-03.59.46:812][  0]LogTemp: Display: Loaded TP AndroidTargetPlatform
[2018.12.18-03.59.46:812][  0]LogTemp: Display: Loaded TP AndroidTargetPlatform
[2018.12.18-03.59.46:812][  0]LogTemp: Display: Loaded TP AndroidTargetPlatform
[2018.12.18-03.59.46:812][  0]LogTemp: Display: Loaded TP AndroidTargetPlatform
[2018.12.18-03.59.46:812][  0]LogTemp: Display: Loaded TP AndroidTargetPlatform
[2018.12.18-03.59.46:812][  0]LogTemp: Display: Loaded TP AndroidTargetPlatform
[2018.12.18-03.59.46:812][  0]LogTemp: Display: Loaded TP AndroidTargetPlatform
[2018.12.18-03.59.46:812][  0]LogTemp: Display: Loaded TP AndroidTargetPlatform
[2018.12.18-03.59.46:812][  0]LogTemp: Display: Loaded TP AndroidTargetPlatform
[2018.12.18-03.59.46:814][  0]LogTemp: Display: Loaded TP HTML5TargetPlatform
[2018.12.18-03.59.46:876][  0]LogTemp: Display: Loaded TP IOSTargetPlatform
[2018.12.18-03.59.46:876][  0]LogTemp: Display: Loaded TP IOSTargetPlatform
[2018.12.18-03.59.46:895][  0]LogTemp: Display: Loaded TP TVOSTargetPlatform
[2018.12.18-03.59.46:895][  0]LogTemp: Display: Loaded TP TVOSTargetPlatform
[2018.12.18-03.59.46:929][  0]LogTemp: Display: Loaded TP LuminTargetPlatform
[2018.12.18-03.59.46:929][  0]LogTemp: Display: Loaded TP LuminTargetPlatform
[2018.12.18-03.59.46:930][  0]LogTargetPlatformManager: Display: Building Assets For Windows
[2018.12.18-03.59.47:136][  0]LogShaderCompilers: Guid format shader working directory is -24 characters bigger than the processId version (../../../../../../github/ue4-examples/tutorials/BananaCollectorStarter 4.21/Intermediate/Shaders/WorkingDirectory/2732/).
[2018.12.18-03.59.47:136][  0]LogShaderCompilers: Cleaned the shader compiler working directory 'C:/Users/captainliu/AppData/Local/Temp/UnrealShaderWorkingDir/186DAA134664FCC5AEB8B8B8D96F6086/'.
[2018.12.18-03.59.47:138][  0]LogXGEController: Cannot use XGE Controller as Incredibuild is not installed on this machine.
[2018.12.18-03.59.47:138][  0]LogShaderCompilers: Cannot use XGE Shader Compiler as Incredibuild is not installed on this machine.
[2018.12.18-03.59.47:138][  0]LogShaderCompilers: Display: Using Local Shader Compiler.
[2018.12.18-03.59.47:589][  0]LogDerivedDataCache: Display: Max Cache Size: 512 MB
[2018.12.18-03.59.47:589][  0]LogDerivedDataCache: Display: Starting with empty Boot cache
[2018.12.18-03.59.47:589][  0]LogDerivedDataCache: FDerivedDataBackendGraph:  Pak pak cache file ../../../../../../github/ue4-examples/tutorials/BananaCollectorStarter 4.21/DerivedDataCache/DDC.ddp not found, will not use a pak cache.
[2018.12.18-03.59.47:589][  0]LogDerivedDataCache: Unable to find inner node Pak for hierarchical cache Hierarchy.
[2018.12.18-03.59.47:589][  0]LogDerivedDataCache: FDerivedDataBackendGraph:  EnginePak pak cache file ../../../Engine/DerivedDataCache/DDC.ddp not found, will not use a pak cache.
[2018.12.18-03.59.47:589][  0]LogDerivedDataCache: Unable to find inner node EnginePak for hierarchical cache Hierarchy.
[2018.12.18-03.59.47:601][  0]LogDerivedDataCache: Using Local data cache path ../../../Engine/DerivedDataCache: Writable
[2018.12.18-03.59.47:601][  0]LogDerivedDataCache: Shared data cache path not found in *engine.ini, will not use an Shared cache.
[2018.12.18-03.59.47:601][  0]LogDerivedDataCache: Unable to find inner node Shared for hierarchical cache Hierarchy.
[2018.12.18-03.59.47:624][  0]LogMaterial: Verifying Global Shaders for PCD3D_SM5
[2018.12.18-03.59.47:626][  0]LogSlate: Using FreeType 2.6.0
[2018.12.18-03.59.47:626][  0]LogSlate: SlateFontServices - WITH_FREETYPE: 1, WITH_HARFBUZZ: 1
[2018.12.18-03.59.47:714][  0]LogAssetRegistry: FAssetRegistry took 0.0291 seconds to start up
[2018.12.18-03.59.47:987][  0]LogInit: Selected Device Profile: [Windows]
[2018.12.18-03.59.48:336][  0]LogSimplygon: Failed to load Simplygon license file.
[2018.12.18-03.59.48:374][  0]LogMeshReduction: Using SimplygonSwarm for distributed automatic mesh merging
[2018.12.18-03.59.48:374][  0]LogMeshReduction: Using ProxyLODMeshReduction for automatic mesh merging
[2018.12.18-03.59.48:374][  0]LogMeshReduction: Using QuadricMeshReduction for automatic static mesh reduction
[2018.12.18-03.59.48:374][  0]LogMeshReduction: No automatic skeletal mesh reduction module available
[2018.12.18-03.59.48:473][  0]LogNetVersion: BananaCollector 1.0.0, NetCL: 0, EngineNetVer: 5, GameNetVer: 0 (Checksum: 3717646480)
[2018.12.18-03.59.48:970][  0]LogPackageLocalizationCache: Processed 9 localized package path(s) for 1 prioritized culture(s) in 0.030439 seconds
[2018.12.18-03.59.48:976][  0]LogUObjectArray: 39396 objects as part of root set at end of initial load.
[2018.12.18-03.59.48:976][  0]LogUObjectAllocator: 6851672 out of 0 bytes used by permanent object pool.
[2018.12.18-03.59.48:976][  0]LogUObjectArray: CloseDisregardForGC: 0/0 objects in disregard for GC pool
[2018.12.18-03.59.49:951][  0]LogTcpMessaging: Initializing TcpMessaging bridge
[2018.12.18-03.59.49:972][  0]LogUdpMessaging: Initializing bridge on interface 0.0.0.0:0 to multicast group 230.0.0.1:6666.
[2018.12.18-03.59.50:092][  0]SourceControl: Source control is disabled
[2018.12.18-03.59.50:092][  0]SourceControl: Source control is disabled
[2018.12.18-03.59.50:424][  0]LogAndroidPermission: UAndroidPermissionCallbackProxy::GetInstance
[2018.12.18-03.59.50:581][  0]LogHoudiniEngine: Starting the Houdini Engine module.
[2018.12.18-03.59.50:581][  0]LogHoudiniEngine: Failed locating or loading libHAPIL.dll
[2018.12.18-03.59.50:733][  0]LogClass: Warning: ObjectProperty FProxyMeshFoliagesConfigItem::Source is not initialized properly
[2018.12.18-03.59.50:733][  0]LogClass: Warning: ObjectProperty FProxyMeshFoliagesConfigItem::ReplaceMaterial is not initialized properly
[2018.12.18-03.59.50:733][  0]LogClass: Warning: ObjectProperty FProxyMeshFoliagesConfigItem::ReplaceMesh is not initialized properly
[2018.12.18-03.59.50:733][  0]LogClass: Warning: FProxyMeshFoliagesConfigItem::ExportLOD is not initialized properly
[2018.12.18-03.59.50:733][  0]LogClass: Display: 4 Uninitialized script stuct members found
[2018.12.18-03.59.50:734][  0]LogAutomationTest: Warning: ObjectProperty FProxyMeshFoliagesConfigItem::Source is not initialized properly
[2018.12.18-03.59.50:734][  0]LogAutomationTest: Warning: ObjectProperty FProxyMeshFoliagesConfigItem::ReplaceMaterial is not initialized properly
[2018.12.18-03.59.50:734][  0]LogAutomationTest: Warning: ObjectProperty FProxyMeshFoliagesConfigItem::ReplaceMesh is not initialized properly
[2018.12.18-03.59.50:734][  0]LogAutomationTest: Warning: FProxyMeshFoliagesConfigItem::ExportLOD is not initialized properly
[2018.12.18-03.59.50:734][  0]LogEngine: Initializing Engine...
[2018.12.18-03.59.50:735][  0]LogStats: UGameplayTagsManager::ConstructGameplayTagTree: ImportINI prefixes -  0.000 s
[2018.12.18-03.59.50:735][  0]LogStats: UGameplayTagsManager::ConstructGameplayTagTree: Construct from data asset -  0.000 s
[2018.12.18-03.59.50:736][  0]LogStats: UGameplayTagsManager::ConstructGameplayTagTree: ImportINI -  0.000 s
[2018.12.18-03.59.50:736][  0]LogStats: UGameplayTagsManager::ConstructGameplayTagTree: GameplayTagTreeChangedEvent.Broadcast -  0.000 s
[2018.12.18-03.59.51:059][  0]LogInit: Initializing FReadOnlyCVARCache
[2018.12.18-03.59.51:075][  0]LogAIModule: Creating AISystem for world Untitled
[2018.12.18-03.59.51:099][  0]LogInit: XAudio2 using '扬声器 (Realtek High Definition Audio)' : 2 channels at 48 kHz using 32 bits per sample (channel mask 0x3)
[2018.12.18-03.59.51:130][  0]LogInit: FAudioDevice initialized.
[2018.12.18-03.59.51:130][  0]LogNetVersion: Set ProjectVersion to 1.0.0.0. Version Checksum will be recalculated on next use.
[2018.12.18-03.59.51:359][  0]LogDerivedDataCache: Saved boot cache 0.23s 68MB ../../../../../../github/ue4-examples/tutorials/BananaCollectorStarter 4.21/DerivedDataCache/Boot.ddc.
[2018.12.18-03.59.51:364][  0]LogInit: Texture streaming: Enabled
[2018.12.18-03.59.51:386][  0]LogEngineSessionManager: EngineSessionManager initialized
[2018.12.18-03.59.51:405][  0]LogInit: Transaction tracking system initialized
[2018.12.18-03.59.51:445][  0]BlueprintLog: New page: Editor Load
[2018.12.18-03.59.51:682][  0]LocalizationService: Localization service is disabled
[2018.12.18-03.59.52:119][  0]LogFileCache: Scanning file cache for directory 'E:/github/ue4-examples/tutorials/BananaCollectorStarter 4.21/Content/' took 0.01s
[2018.12.18-03.59.52:119][  0]LogCook: Display: Max memory allowance for cook 16384mb min free memory 0mb
[2018.12.18-03.59.52:119][  0]LogCook: Display: Mobile HDR setting 1
[2018.12.18-03.59.52:119][  0]LogGameplayTags: Display: UGameplayTagsManager::DoneAddingNativeTags. DelegateIsBound: 0
[2018.12.18-03.59.52:119][  0]LogStats: UGameplayTagsManager::ConstructGameplayTagTree: ImportINI prefixes -  0.000 s
[2018.12.18-03.59.52:119][  0]LogStats: UGameplayTagsManager::ConstructGameplayTagTree: Construct from data asset -  0.000 s
[2018.12.18-03.59.52:119][  0]LogStats: UGameplayTagsManager::ConstructGameplayTagTree: ImportINI -  0.000 s
[2018.12.18-03.59.52:119][  0]LogStats: UGameplayTagsManager::ConstructGameplayTagTree: GameplayTagTreeChangedEvent.Broadcast -  0.000 s
[2018.12.18-03.59.52:272][  0]LogHoudiniEngineEditor: Starting the Houdini Engine Editor module.
[2018.12.18-03.59.52:274][  0]LogHoudiniEngineEditor: Houdini Engine Editor module startup complete.
[2018.12.18-03.59.52:365][  0]SourceControl: Source control is disabled
[2018.12.18-03.59.52:365][  0]Cmd: MAP LOAD FILE="../../../../../../github/ue4-examples/tutorials/BananaCollectorStarter 4.21/Content/BananaCollector/Maps/TutorialMap.umap" TEMPLATE=0 SHOWPROGRESS=1 FEATURELEVEL=3
[2018.12.18-03.59.52:366][  0]LightingResults: New page: Lighting Build
[2018.12.18-03.59.52:368][  0]MapCheck: New page: Map Check
[2018.12.18-03.59.52:368][  0]LightingResults: New page: Lighting Build
[2018.12.18-03.59.52:468][  0]LogStaticMesh: Building static mesh SM_Cube...
[2018.12.18-03.59.52:470][  0]LogStaticMesh: Built static mesh [0.00s] /Game/BananaCollector/Meshes/SM_Cube.SM_Cube
[2018.12.18-03.59.52:473][  0]LogMaterial: Display: Missing cached shader map for material M_Level, compiling. 
[2018.12.18-03.59.52:507][  0]LogMaterial: Display: Missing cached shader map for material M_Cube, compiling. 
[2018.12.18-03.59.52:561][  0]LogShaderCompilers: Display: Shaders left to compile 22
[2018.12.18-03.59.52:561][  0]LogShaderCompilers: Display: Shaders left to compile 12
[2018.12.18-03.59.52:562][  0]LogShaderCompilers: Display: Shaders left to compile 2
[2018.12.18-03.59.52:562][  0]LogAIModule: Creating AISystem for world TutorialMap
[2018.12.18-03.59.52:567][  0]LogEditorServer: Finished looking for orphan Actors (0.000 secs)
[2018.12.18-03.59.52:591][  0]Cmd: MAP CHECKDEP NOCLEARLOG
[2018.12.18-03.59.52:591][  0]MapCheck: Map check complete: 0 Error(s), 0 Warning(s), took 0.117ms to complete.
[2018.12.18-03.59.52:591][  0]LogFileHelpers: Loading map 'TutorialMap' took 0.226
[2018.12.18-03.59.52:655][  0]LogShaderCompilers: Display: Shaders left to compile 22
[2018.12.18-03.59.52:655][  0]LogShaderCompilers: Display: Shaders left to compile 12
[2018.12.18-03.59.52:807][  0]LogSlate: Updating window title bar state: overlay mode, drag disabled, window buttons hidden, title bar hidden
[2018.12.18-03.59.52:820][  0]LogSlate: Updating window title bar state: overlay mode, drag disabled, window buttons hidden, title bar hidden
[2018.12.18-03.59.52:831][  0]LogSlate: Updating window title bar state: overlay mode, drag disabled, window buttons hidden, title bar hidden
[2018.12.18-03.59.52:842][  0]LogSlate: Updating window title bar state: overlay mode, drag disabled, window buttons hidden, title bar hidden
[2018.12.18-03.59.52:855][  0]LogCollectionManager: Loaded 0 collections in 0.002521 seconds
[2018.12.18-03.59.52:887][  0]LogFileCache: Scanning file cache for directory 'E:/github/ue4-examples/tutorials/BananaCollectorStarter 4.21/Saved/Collections/' took 0.01s
[2018.12.18-03.59.52:887][  0]LogFileCache: Scanning file cache for directory 'E:/github/ue4-examples/tutorials/BananaCollectorStarter 4.21/Content/Developers/captainliu/Collections/' took 0.01s
[2018.12.18-03.59.52:887][  0]LogFileCache: Scanning file cache for directory 'E:/github/ue4-examples/tutorials/BananaCollectorStarter 4.21/Content/Collections/' took 0.00s
[2018.12.18-03.59.52:887][  0]LogCollectionManager: Rebuilt the GUID cache for 0 collections in 0.000000 seconds
[2018.12.18-03.59.52:905][  0]LogContentBrowser: Native class hierarchy populated in 0.0172 seconds. Added 2633 classes and 597 folders.
[2018.12.18-03.59.52:916][  0]LogContentBrowser: Native class hierarchy updated for 'WidgetCarousel' in 0.0004 seconds. Added 0 classes and 0 folders.
[2018.12.18-03.59.52:918][  0]LogPakFile: Registered encryption key '00000000000000000000000000000000': 0 pak files mounted, 0 remain pending
[2018.12.18-03.59.52:919][  0]LogPakFile: Registered encryption key '00000000000000000000000000000000': 0 pak files mounted, 0 remain pending
[2018.12.18-03.59.52:920][  0]LogPakFile: Registered encryption key '00000000000000000000000000000000': 0 pak files mounted, 0 remain pending
[2018.12.18-03.59.52:922][  0]LogPakFile: Registered encryption key '00000000000000000000000000000000': 0 pak files mounted, 0 remain pending
[2018.12.18-03.59.52:923][  0]LogPakFile: Registered encryption key '00000000000000000000000000000000': 0 pak files mounted, 0 remain pending
[2018.12.18-03.59.52:924][  0]LogPakFile: Registered encryption key '00000000000000000000000000000000': 0 pak files mounted, 0 remain pending
[2018.12.18-03.59.52:925][  0]LogPakFile: Registered encryption key '00000000000000000000000000000000': 0 pak files mounted, 0 remain pending
[2018.12.18-03.59.52:925][  0]LogPakFile: Registered encryption key '00000000000000000000000000000000': 0 pak files mounted, 0 remain pending
[2018.12.18-03.59.52:926][  0]LogPakFile: Registered encryption key '00000000000000000000000000000000': 0 pak files mounted, 0 remain pending
[2018.12.18-03.59.52:927][  0]LogPakFile: Registered encryption key '00000000000000000000000000000000': 0 pak files mounted, 0 remain pending
[2018.12.18-03.59.52:928][  0]LogPakFile: Registered encryption key '00000000000000000000000000000000': 0 pak files mounted, 0 remain pending
[2018.12.18-03.59.52:928][  0]LogPakFile: Registered encryption key '00000000000000000000000000000000': 0 pak files mounted, 0 remain pending
[2018.12.18-03.59.52:929][  0]LogPakFile: Registered encryption key '00000000000000000000000000000000': 0 pak files mounted, 0 remain pending
[2018.12.18-03.59.52:930][  0]LogPakFile: Registered encryption key '00000000000000000000000000000000': 0 pak files mounted, 0 remain pending
[2018.12.18-03.59.52:931][  0]LogPakFile: Registered encryption key '00000000000000000000000000000000': 0 pak files mounted, 0 remain pending
[2018.12.18-03.59.52:931][  0]LogPakFile: Registered encryption key '00000000000000000000000000000000': 0 pak files mounted, 0 remain pending
[2018.12.18-03.59.52:932][  0]LogPakFile: Registered encryption key '00000000000000000000000000000000': 0 pak files mounted, 0 remain pending
[2018.12.18-03.59.52:933][  0]LogPakFile: Registered encryption key '00000000000000000000000000000000': 0 pak files mounted, 0 remain pending
[2018.12.18-03.59.52:934][  0]LogPakFile: Registered encryption key '00000000000000000000000000000000': 0 pak files mounted, 0 remain pending
[2018.12.18-03.59.52:934][  0]LogPakFile: Registered encryption key '00000000000000000000000000000000': 0 pak files mounted, 0 remain pending
[2018.12.18-03.59.52:935][  0]LogPakFile: Registered encryption key '00000000000000000000000000000000': 0 pak files mounted, 0 remain pending
[2018.12.18-03.59.52:936][  0]LogPakFile: Registered encryption key '00000000000000000000000000000000': 0 pak files mounted, 0 remain pending
[2018.12.18-03.59.52:937][  0]LogPakFile: Registered encryption key '00000000000000000000000000000000': 0 pak files mounted, 0 remain pending
[2018.12.18-03.59.52:938][  0]LogPakFile: Registered encryption key '00000000000000000000000000000000': 0 pak files mounted, 0 remain pending
[2018.12.18-03.59.52:938][  0]LogPakFile: Registered encryption key '00000000000000000000000000000000': 0 pak files mounted, 0 remain pending
[2018.12.18-03.59.52:939][  0]LogPakFile: Registered encryption key '00000000000000000000000000000000': 0 pak files mounted, 0 remain pending
[2018.12.18-03.59.52:985][  0]LogContentBrowser: Native class hierarchy updated for 'AddContentDialog' in 0.0003 seconds. Added 0 classes and 0 folders.
[2018.12.18-03.59.53:005][  0]LogContentBrowser: Native class hierarchy updated for 'SceneOutliner' in 0.0003 seconds. Added 1 classes and 2 folders.
[2018.12.18-03.59.53:031][  0]LogSlate: Took 0.000198 seconds to synchronously load lazily loaded font '../../../Engine/Content/Slate/Fonts/Roboto-Regular.ttf' (155K)
[2018.12.18-03.59.53:033][  0]LogSlate: Took 0.000171 seconds to synchronously load lazily loaded font '../../../Engine/Content/Slate/Fonts/Roboto-Bold.ttf' (160K)
[2018.12.18-03.59.53:041][  0]LogSlate: Took 0.000710 seconds to synchronously load lazily loaded font '../../../Engine/Content/Editor/Slate/Fonts/FontAwesome.ttf' (139K)
[2018.12.18-03.59.53:177][  0]LogRenderer: Reallocating scene render targets to support 1208x576 Format 10 NumSamples 1 (Frame:1).
[2018.12.18-03.59.53:563][  0]LogContentBrowser: Native class hierarchy updated for 'HierarchicalLODOutliner' in 0.0005 seconds. Added 0 classes and 0 folders.
[2018.12.18-03.59.53:563][  0]LogLoad: (Engine Initialization) Total time: 10.96 seconds
[2018.12.18-03.59.53:563][  0]LogLoad: (Engine Initialization) Total Blueprint compile time: 0.00 seconds
[2018.12.18-03.59.53:627][  0]LogContentStreaming: Texture pool size now 1000 MB
[2018.12.18-03.59.53:634][  0]LogSlate: Took 0.000214 seconds to synchronously load lazily loaded font '../../../Engine/Content/Slate/Fonts/Roboto-Light.ttf' (167K)
[2018.12.18-03.59.53:646][  0]LogSlate: Took 0.000247 seconds to synchronously load lazily loaded font '../../../Engine/Content/Slate/Fonts/Roboto-Light.ttf' (167K)
[2018.12.18-03.59.53:859][  2]LogAssetRegistry: Asset discovery search completed in 6.1666 seconds
[2018.12.18-03.59.53:862][  2]LogCollectionManager: Rebuilt the object cache for 0 collections in 0.000013 seconds (found 0 objects)
[2018.12.18-03.59.53:862][  2]LogCollectionManager: Fixed up redirectors for 0 collections in 0.000086 seconds (updated 0 objects)
[2018.12.18-03.59.54:110][ 28]LogShaderCompilers: Display: Shaders left to compile 2
[2018.12.18-04.00.08:396][734]LogSlate: FSceneViewport::OnFocusLost() reason 2
[2018.12.18-04.00.37:956][346]LogSlate: FSceneViewport::OnFocusLost() reason 0
[2018.12.18-04.00.38:090][358]LogSlate: Window 'BananaCollector - Unreal Editor' being destroyed
[2018.12.18-04.00.38:093][358]LogWindowsTextInputMethodSystem: Display: IME system now activated using TSF (搜狗五笔输入法).
[2018.12.18-04.00.38:244][359]Cmd: QUIT_EDITOR
[2018.12.18-04.00.38:268][359]LogExit: Preparing to exit.
[2018.12.18-04.00.39:022][359]LogExit: Editor shut down
[2018.12.18-04.00.39:022][359]LogExit: Transaction tracking system shut down
[2018.12.18-04.00.39:252][359]LogExit: Object subsystem successfully closed.
[2018.12.18-04.00.39:267][359]LogShaderCompilers: Display: Shaders left to compile 0
[2018.12.18-04.00.39:269][359]LogD3D11RHI: Shutdown
[2018.12.18-04.00.39:269][359]LogD3D11RHI: CleanupD3DDevice
[2018.12.18-04.00.39:270][359]LogD3D11RHI: ~FD3D11DynamicRHI
[2018.12.18-04.00.39:279][359]LogModuleManager: Shutting down and abandoning module HierarchicalLODOutliner (596)
[2018.12.18-04.00.39:279][359]LogModuleManager: Shutting down and abandoning module SceneOutliner (594)
[2018.12.18-04.00.39:279][359]LogModuleManager: Shutting down and abandoning module AddContentDialog (592)
[2018.12.18-04.00.39:279][359]LogModuleManager: Shutting down and abandoning module WidgetCarousel (591)
[2018.12.18-04.00.39:279][359]LogModuleManager: Shutting down and abandoning module EditorWidgets (588)
[2018.12.18-04.00.39:279][359]LogModuleManager: Shutting down and abandoning module CollectionManager (586)
[2018.12.18-04.00.39:280][359]LogModuleManager: Shutting down and abandoning module MeshBuilder (584)
[2018.12.18-04.00.39:280][359]LogModuleManager: Shutting down and abandoning module StatsViewer (582)
[2018.12.18-04.00.39:280][359]LogModuleManager: Shutting down and abandoning module FoliageEdit (580)
[2018.12.18-04.00.39:280][359]LogModuleManager: Shutting down and abandoning module LandscapeEditor (578)
[2018.12.18-04.00.39:280][359]LogModuleManager: Shutting down and abandoning module MeshPaintMode (576)
[2018.12.18-04.00.39:280][359]LogModuleManager: Shutting down and abandoning module MeshPaint (575)
[2018.12.18-04.00.39:280][359]LogModuleManager: Shutting down and abandoning module SceneDepthPickerMode (572)
[2018.12.18-04.00.39:280][359]LogModuleManager: Shutting down and abandoning module ActorPickerMode (570)
[2018.12.18-04.00.39:280][359]LogModuleManager: Shutting down and abandoning module GeometryMode (568)
[2018.12.18-04.00.39:280][359]LogModuleManager: Shutting down and abandoning module TextureAlignMode (566)
[2018.12.18-04.00.39:280][359]LogModuleManager: Shutting down and abandoning module BspMode (564)
[2018.12.18-04.00.39:280][359]LogModuleManager: Shutting down and abandoning module PIEPreviewDeviceProfileSelector (562)
[2018.12.18-04.00.39:280][359]LogModuleManager: Shutting down and abandoning module SequenceRecorderSections (560)
[2018.12.18-04.00.39:280][359]LogModuleManager: Shutting down and abandoning module AutomationWorker (558)
[2018.12.18-04.00.39:280][359]LogModuleManager: Shutting down and abandoning module HoudiniEngineEditor (556)
[2018.12.18-04.00.39:280][359]LogHoudiniEngineEditor: Shutting down the Houdini Engine Editor module.
[2018.12.18-04.00.39:280][359]LogHoudiniEngineEditor: Houdini Engine Editor module shutdown complete.
[2018.12.18-04.00.39:280][359]LogModuleManager: Shutting down and abandoning module AudioCaptureEditor (554)
[2018.12.18-04.00.39:280][359]LogModuleManager: Shutting down and abandoning module MatineeToLevelSequence (552)
[2018.12.18-04.00.39:280][359]LogModuleManager: Shutting down and abandoning module LevelSequenceEditor (550)
[2018.12.18-04.00.39:280][359]LogModuleManager: Shutting down and abandoning module PlacementMode (549)
[2018.12.18-04.00.39:280][359]LogModuleManager: Shutting down and abandoning module MaterialEditor (548)
[2018.12.18-04.00.39:280][359]LogModuleManager: Shutting down and abandoning module WmfMediaFactory (544)
[2018.12.18-04.00.39:280][359]LogModuleManager: Shutting down and abandoning module WmfMediaEditor (542)
[2018.12.18-04.00.39:280][359]LogModuleManager: Shutting down and abandoning module WebMMediaFactory (540)
[2018.12.18-04.00.39:280][359]LogModuleManager: Shutting down and abandoning module WebMMediaEditor (538)
[2018.12.18-04.00.39:280][359]LogModuleManager: Shutting down and abandoning module WebMMedia (536)
[2018.12.18-04.00.39:280][359]LogModuleManager: Shutting down and abandoning module MediaPlayerEditor (534)
[2018.12.18-04.00.39:280][359]LogModuleManager: Shutting down and abandoning module MediaCompositingEditor (532)
[2018.12.18-04.00.39:280][359]LogModuleManager: Shutting down and abandoning module SequenceRecorder (531)
[2018.12.18-04.00.39:280][359]LogModuleManager: Shutting down and abandoning module OpenExrWrapper (528)
[2018.12.18-04.00.39:280][359]LogModuleManager: Shutting down and abandoning module ImgMediaFactory (526)
[2018.12.18-04.00.39:280][359]LogModuleManager: Shutting down and abandoning module ImgMediaEditor (524)
[2018.12.18-04.00.39:280][359]LogModuleManager: Shutting down and abandoning module AvfMediaFactory (522)
[2018.12.18-04.00.39:280][359]LogModuleManager: Shutting down and abandoning module AvfMediaEditor (520)
[2018.12.18-04.00.39:280][359]LogModuleManager: Shutting down and abandoning module AndroidMediaFactory (518)
[2018.12.18-04.00.39:280][359]LogModuleManager: Shutting down and abandoning module AndroidMediaEditor (516)
[2018.12.18-04.00.39:280][359]LogModuleManager: Shutting down and abandoning module MagicLeapCameraPreviewFactory (514)
[2018.12.18-04.00.39:280][359]LogModuleManager: Shutting down and abandoning module MagicLeapMediaFactory (512)
[2018.12.18-04.00.39:280][359]LogModuleManager: Shutting down and abandoning module MagicLeapMediaEditor (510)
[2018.12.18-04.00.39:280][359]LogModuleManager: Shutting down and abandoning module CharacterAI (508)
[2018.12.18-04.00.39:280][359]LogModuleManager: Shutting down and abandoning module SessionServices (506)
[2018.12.18-04.00.39:280][359]LogModuleManager: Shutting down and abandoning module ViewportSnapping (504)
[2018.12.18-04.00.39:281][359]LogModuleManager: Shutting down and abandoning module ViewportInteraction (502)
[2018.12.18-04.00.39:281][359]LogModuleManager: Shutting down and abandoning module ClothPainter (500)
[2018.12.18-04.00.39:281][359]LogModuleManager: Shutting down and abandoning module SkeletalMeshEditor (499)
[2018.12.18-04.00.39:281][359]LogModuleManager: Shutting down and abandoning module LogVisualizer (496)
[2018.12.18-04.00.39:281][359]LogModuleManager: Shutting down and abandoning module IntroTutorials (494)
[2018.12.18-04.00.39:281][359]LogModuleManager: Shutting down and abandoning module GameProjectGeneration (493)
[2018.12.18-04.00.39:281][359]LogModuleManager: Shutting down and abandoning module LuminPlatformEditor (490)
[2018.12.18-04.00.39:281][359]LogModuleManager: Shutting down and abandoning module IOSPlatformEditor (488)
[2018.12.18-04.00.39:281][359]LogModuleManager: Shutting down and abandoning module HTML5PlatformEditor (486)
[2018.12.18-04.00.39:281][359]LogModuleManager: Shutting down and abandoning module AndroidPlatformEditor (484)
[2018.12.18-04.00.39:281][359]LogModuleManager: Shutting down and abandoning module AndroidDeviceDetection (483)
[2018.12.18-04.00.39:899][359]LogModuleManager: Shutting down and abandoning module WindowsPlatformEditor (480)
[2018.12.18-04.00.39:899][359]LogModuleManager: Shutting down and abandoning module LuminRuntimeSettings (478)
[2018.12.18-04.00.39:899][359]LogModuleManager: Shutting down and abandoning module IOSRuntimeSettings (476)
[2018.12.18-04.00.39:899][359]LogModuleManager: Shutting down and abandoning module AndroidRuntimeSettings (474)
[2018.12.18-04.00.39:899][359]LogModuleManager: Shutting down and abandoning module TimeManagementEditor (472)
[2018.12.18-04.00.39:899][359]LogModuleManager: Shutting down and abandoning module InputBindingEditor (470)
[2018.12.18-04.00.39:899][359]LogModuleManager: Shutting down and abandoning module MergeActors (468)
[2018.12.18-04.00.39:899][359]LogModuleManager: Shutting down and abandoning module LocalizationDashboard (466)
[2018.12.18-04.00.39:899][359]LogModuleManager: Shutting down and abandoning module LocalizationService (465)
[2018.12.18-04.00.39:899][359]LogModuleManager: Shutting down and abandoning module HardwareTargeting (462)
[2018.12.18-04.00.39:899][359]LogModuleManager: Shutting down and abandoning module DeviceProfileEditor (460)
[2018.12.18-04.00.39:899][359]LogModuleManager: Shutting down and abandoning module UndoHistory (458)
[2018.12.18-04.00.39:899][359]LogModuleManager: Shutting down and abandoning module XmlParser (456)
[2018.12.18-04.00.39:899][359]LogModuleManager: Shutting down and abandoning module Blutility (454)
[2018.12.18-04.00.39:899][359]LogModuleManager: Shutting down and abandoning module ProjectSettingsViewer (452)
[2018.12.18-04.00.39:899][359]LogModuleManager: Shutting down and abandoning module ProjectTargetPlatformEditor (451)
[2018.12.18-04.00.39:899][359]LogModuleManager: Shutting down and abandoning module EditorSettingsViewer (448)
[2018.12.18-04.00.39:899][359]LogModuleManager: Shutting down and abandoning module SettingsEditor (446)
[2018.12.18-04.00.39:900][359]LogModuleManager: Shutting down and abandoning module ProjectLauncher (444)
[2018.12.18-04.00.39:900][359]LogModuleManager: Shutting down and abandoning module SessionFrontend (442)
[2018.12.18-04.00.39:900][359]LogModuleManager: Shutting down and abandoning module ProfilerClient (440)
[2018.12.18-04.00.39:900][359]LogModuleManager: Shutting down and abandoning module DeviceManager (438)
[2018.12.18-04.00.39:900][359]LogModuleManager: Shutting down and abandoning module TargetDeviceServices (437)
[2018.12.18-04.00.39:953][359]LogModuleManager: Shutting down and abandoning module AutomationController (434)
[2018.12.18-04.00.39:953][359]LogModuleManager: Shutting down and abandoning module AutomationWindow (432)
[2018.12.18-04.00.39:953][359]LogModuleManager: Shutting down and abandoning module Layers (430)
[2018.12.18-04.00.39:953][359]LogModuleManager: Shutting down and abandoning module ComponentVisualizers (428)
[2018.12.18-04.00.39:953][359]LogModuleManager: Shutting down and abandoning module DetailCustomizations (426)
[2018.12.18-04.00.39:953][359]LogModuleManager: Shutting down and abandoning module PackagesDialog (424)
[2018.12.18-04.00.39:953][359]LogModuleManager: Shutting down and abandoning module Persona (422)
[2018.12.18-04.00.39:953][359]LogModuleManager: Shutting down and abandoning module AdvancedPreviewScene (421)
[2018.12.18-04.00.39:953][359]LogModuleManager: Shutting down and abandoning module AnimGraph (419)
[2018.12.18-04.00.39:953][359]LogModuleManager: Shutting down and abandoning module Kismet (416)
[2018.12.18-04.00.39:953][359]LogModuleManager: Shutting down and abandoning module GraphEditor (414)
[2018.12.18-04.00.39:953][359]LogModuleManager: Shutting down and abandoning module ClassViewer (412)
[2018.12.18-04.00.39:953][359]LogModuleManager: Shutting down and abandoning module Toolbox (410)
[2018.12.18-04.00.39:953][359]LogModuleManager: Shutting down and abandoning module DesktopPlatform (409)
[2018.12.18-04.00.39:953][359]LogModuleManager: Shutting down and abandoning module ModuleUI (406)
[2018.12.18-04.00.39:953][359]LogModuleManager: Shutting down and abandoning module MovieSceneTools (404)
[2018.12.18-04.00.39:954][359]LogModuleManager: Shutting down and abandoning module OutputLog (402)
[2018.12.18-04.00.39:954][359]LogModuleManager: Shutting down and abandoning module GammaUI (400)
[2018.12.18-04.00.39:954][359]LogModuleManager: Shutting down and abandoning module Documentation (398)
[2018.12.18-04.00.39:954][359]LogModuleManager: Shutting down and abandoning module MovieSceneTracks (396)
[2018.12.18-04.00.39:954][359]LogModuleManager: Shutting down and abandoning module MovieScene (394)
[2018.12.18-04.00.39:954][359]LogModuleManager: Shutting down and abandoning module StreamingPauseRendering (392)
[2018.12.18-04.00.39:954][359]LogModuleManager: Shutting down and abandoning module LauncherPlatform (390)
[2018.12.18-04.00.39:954][359]LogModuleManager: Shutting down and abandoning module AnalyticsET (388)
[2018.12.18-04.00.39:954][359]LogModuleManager: Shutting down and abandoning module PortalServices (386)
[2018.12.18-04.00.39:954][359]LogModuleManager: Shutting down and abandoning module PortalRpc (384)
[2018.12.18-04.00.39:954][359]LogModuleManager: Shutting down and abandoning module MessagingRpc (382)
[2018.12.18-04.00.39:954][359]LogModuleManager: Shutting down and abandoning module AIModule (380)
[2018.12.18-04.00.39:954][359]LogModuleManager: Shutting down and abandoning module GameplayDebugger (379)
[2018.12.18-04.00.39:954][359]LogModuleManager: Shutting down and abandoning module AITestSuite (377)
[2018.12.18-04.00.39:954][359]LogModuleManager: Shutting down and abandoning module NavigationSystem (375)
[2018.12.18-04.00.39:954][359]LogModuleManager: Shutting down and abandoning module ImageWriteQueue (372)
[2018.12.18-04.00.39:956][359]LogModuleManager: Shutting down and abandoning module ProfilerService (370)
[2018.12.18-04.00.40:179][359]LogModuleManager: Shutting down and abandoning module TaskGraph (368)
[2018.12.18-04.00.40:179][359]LogModuleManager: Shutting down and abandoning module ProceduralMeshComponentEditor (366)
[2018.12.18-04.00.40:179][359]LogModuleManager: Shutting down and abandoning module ProceduralMeshComponent (364)
[2018.12.18-04.00.40:179][359]LogModuleManager: Shutting down and abandoning module MobilePatchingUtils (362)
[2018.12.18-04.00.40:179][359]LogModuleManager: Shutting down and abandoning module HoudiniEngineRuntime (360)
[2018.12.18-04.00.40:179][359]LogHoudiniEngine: Shutting down the Houdini Engine module.
[2018.12.18-04.00.40:179][359]LogModuleManager: Shutting down and abandoning module EditableMesh (358)
[2018.12.18-04.00.40:179][359]LogModuleManager: Shutting down and abandoning module CustomMeshComponent (356)
[2018.12.18-04.00.40:179][359]LogModuleManager: Shutting down and abandoning module CableComponent (354)
[2018.12.18-04.00.40:180][359]LogModuleManager: Shutting down and abandoning module AudioCapture (352)
[2018.12.18-04.00.40:180][359]LogModuleManager: Shutting down and abandoning module ArchVisCharacter (350)
[2018.12.18-04.00.40:180][359]LogModuleManager: Shutting down and abandoning module AndroidPermission (348)
[2018.12.18-04.00.40:180][359]LogModuleManager: Shutting down and abandoning module NUTUnrealEngine4 (346)
[2018.12.18-04.00.40:180][359]LogModuleManager: Shutting down and abandoning module NetcodeUnitTest (344)
[2018.12.18-04.00.40:180][359]LogModuleManager: Shutting down and abandoning module MediaCompositing (342)
[2018.12.18-04.00.40:180][359]LogModuleManager: Shutting down and abandoning module LinearTimecode (340)
[2018.12.18-04.00.40:180][359]LogModuleManager: Shutting down and abandoning module ImgMedia (338)
[2018.12.18-04.00.40:188][359]LogModuleManager: Shutting down and abandoning module HTML5Networking (336)
[2018.12.18-04.00.40:188][359]LogModuleManager: Shutting down and abandoning module GeometryCacheTracks (334)
[2018.12.18-04.00.40:188][359]LogModuleManager: Shutting down and abandoning module GeometryCacheSequencer (332)
[2018.12.18-04.00.40:188][359]LogModuleManager: Shutting down and abandoning module BackChannel (330)
[2018.12.18-04.00.40:188][359]LogModuleManager: Shutting down and abandoning module AppleVision (328)
[2018.12.18-04.00.40:188][359]LogModuleManager: Shutting down and abandoning module AppleImageUtilsBlueprintSupport (326)
[2018.12.18-04.00.40:188][359]LogModuleManager: Shutting down and abandoning module AppleImageUtils (324)
[2018.12.18-04.00.40:188][359]LogModuleManager: Shutting down and abandoning module AlembicImporter (322)
[2018.12.18-04.00.40:188][359]LogModuleManager: Shutting down and abandoning module AlembicLibrary (321)
[2018.12.18-04.00.40:188][359]LogModuleManager: Shutting down and abandoning module GeometryCache (320)
[2018.12.18-04.00.40:188][359]LogModuleManager: Shutting down and abandoning module GeometryCacheEd (319)
[2018.12.18-04.00.40:188][359]LogModuleManager: Shutting down and abandoning module VariantManagerContent (314)
[2018.12.18-04.00.40:189][359]LogModuleManager: Shutting down and abandoning module DatasmithContentEditor (312)
[2018.12.18-04.00.40:189][359]LogModuleManager: Shutting down and abandoning module SpeedTreeImporter (310)
[2018.12.18-04.00.40:189][359]LogModuleManager: Shutting down and abandoning module PluginBrowser (308)
[2018.12.18-04.00.40:189][359]LogModuleManager: Shutting down and abandoning module MobileLauncherProfileWizard (306)
[2018.12.18-04.00.40:189][359]LogModuleManager: Shutting down and abandoning module PolygonModeling (304)
[2018.12.18-04.00.40:189][359]LogModuleManager: Shutting down and abandoning module MeshEditor (302)
[2018.12.18-04.00.40:189][359]LogModuleManager: Shutting down and abandoning module CryptoKeysOpenSSL (300)
[2018.12.18-04.00.40:189][359]LogModuleManager: Shutting down and abandoning module CryptoKeys (298)
[2018.12.18-04.00.40:189][359]LogModuleManager: Shutting down and abandoning module VisualStudioSourceCodeAccess (296)
[2018.12.18-04.00.40:189][359]LogModuleManager: Shutting down and abandoning module VisualStudioCodeSourceCodeAccess (294)
[2018.12.18-04.00.40:189][359]LogModuleManager: Shutting down and abandoning module UObjectPlugin (292)
[2018.12.18-04.00.40:189][359]LogModuleManager: Shutting down and abandoning module SubversionSourceControl (290)
[2018.12.18-04.00.40:189][359]LogModuleManager: Shutting down and abandoning module SourceControl (289)
[2018.12.18-04.00.40:190][359]LogModuleManager: Shutting down and abandoning module CLionSourceCodeAccess (286)
[2018.12.18-04.00.40:190][359]LogModuleManager: Shutting down and abandoning module ActorLayerUtilitiesEditor (284)
[2018.12.18-04.00.40:190][359]LogModuleManager: Shutting down and abandoning module ActorLayerUtilities (282)
[2018.12.18-04.00.40:190][359]LogModuleManager: Shutting down and abandoning module LightPropagationVolumeEditor (280)
[2018.12.18-04.00.40:190][359]LogModuleManager: Shutting down and abandoning module RuntimePhysXCooking (278)
[2018.12.18-04.00.40:190][359]LogModuleManager: Shutting down and abandoning module PhysXVehiclesEditor (276)
[2018.12.18-04.00.40:190][359]LogModuleManager: Shutting down and abandoning module PhysXVehicles (274)
[2018.12.18-04.00.40:190][359]LogModuleManager: Shutting down and abandoning module LocationServicesBPLibrary (272)
[2018.12.18-04.00.40:190][359]LogModuleManager: Shutting down and abandoning module ActorSequence (270)
[2018.12.18-04.00.40:190][359]LogModuleManager: Shutting down and abandoning module UdpMessaging (268)
[2018.12.18-04.00.40:291][359]LogModuleManager: Shutting down and abandoning module TcpMessaging (266)
[2018.12.18-04.00.40:392][359]LogModuleManager: Shutting down and abandoning module MagicLeapAudio (264)
[2018.12.18-04.00.40:392][359]LogModuleManager: Shutting down and abandoning module GameplayTagsEditor (262)
[2018.12.18-04.00.40:392][359]LogModuleManager: Shutting down and abandoning module FacialAnimationEditor (260)
[2018.12.18-04.00.40:392][359]LogModuleManager: Shutting down and abandoning module FacialAnimation (258)
[2018.12.18-04.00.40:392][359]LogModuleManager: Shutting down and abandoning module DataValidation (256)
[2018.12.18-04.00.40:392][359]LogModuleManager: Shutting down and abandoning module AssetManagerEditor (254)
[2018.12.18-04.00.40:392][359]LogModuleManager: Shutting down and abandoning module LevelEditor (253)
[2018.12.18-04.00.40:392][359]LogModuleManager: Shutting down and abandoning module PixelInspectorModule (252)
[2018.12.18-04.00.40:392][359]LogModuleManager: Shutting down and abandoning module CommonMenuExtensions (250)
[2018.12.18-04.00.40:392][359]LogModuleManager: Shutting down and abandoning module MainFrame (248)
[2018.12.18-04.00.40:392][359]LogModuleManager: Shutting down and abandoning module HotReload (247)
[2018.12.18-04.00.40:393][359]LogModuleManager: Shutting down and abandoning module ContentBrowser (243)
[2018.12.18-04.00.40:393][359]LogModuleManager: Shutting down and abandoning module TreeMap (241)
[2018.12.18-04.00.40:393][359]LogModuleManager: Shutting down and abandoning module LightPropagationVolumeRuntime (238)
[2018.12.18-04.00.40:393][359]LogModuleManager: Shutting down and abandoning module AISupportModule (236)
[2018.12.18-04.00.40:393][359]LogModuleManager: Shutting down and abandoning module WindowsMoviePlayer (234)
[2018.12.18-04.00.40:393][359]LogModuleManager: Shutting down and abandoning module WebMMoviePlayer (232)
[2018.12.18-04.00.40:393][359]LogModuleManager: Shutting down and abandoning module WmfMedia (230)
[2018.12.18-04.00.40:393][359]LogModuleManager: Shutting down and abandoning module Media (229)
[2018.12.18-04.00.40:399][359]LogModuleManager: Shutting down and abandoning module PacketHandler (226)
[2018.12.18-04.00.40:399][359]LogModuleManager: Shutting down and abandoning module ClothingSystemEditor (224)
[2018.12.18-04.00.40:399][359]LogModuleManager: Shutting down and abandoning module ClothingSystemRuntime (222)
[2018.12.18-04.00.40:399][359]LogModuleManager: Shutting down and abandoning module MediaAssets (220)
[2018.12.18-04.00.40:399][359]LogModuleManager: Shutting down and abandoning module Overlay (218)
[2018.12.18-04.00.40:399][359]LogModuleManager: Shutting down and abandoning module OverlayEditor (217)
[2018.12.18-04.00.40:399][359]LogModuleManager: Shutting down and abandoning module VREditor (214)
[2018.12.18-04.00.40:399][359]LogModuleManager: Shutting down and abandoning module StringTableEditor (212)
[2018.12.18-04.00.40:399][359]LogModuleManager: Shutting down and abandoning module GameplayTasksEditor (210)
[2018.12.18-04.00.40:399][359]LogModuleManager: Shutting down and abandoning module BehaviorTreeEditor (208)
[2018.12.18-04.00.40:399][359]LogModuleManager: Shutting down and abandoning module FunctionalTesting (206)
[2018.12.18-04.00.40:399][359]LogModuleManager: Shutting down and abandoning module CollisionAnalyzer (204)
[2018.12.18-04.00.40:399][359]LogModuleManager: Shutting down and abandoning module WorkspaceMenuStructure (203)
[2018.12.18-04.00.40:399][359]LogModuleManager: Shutting down and abandoning module UMG (200)
[2018.12.18-04.00.40:399][359]LogModuleManager: Shutting down and abandoning module UMGEditor (199)
[2018.12.18-04.00.40:399][359]LogModuleManager: Shutting down and abandoning module Sequencer (198)
[2018.12.18-04.00.40:400][359]LogModuleManager: Shutting down and abandoning module MessageLog (195)
[2018.12.18-04.00.40:400][359]LogModuleManager: Shutting down and abandoning module SlateReflector (190)
[2018.12.18-04.00.40:400][359]LogModuleManager: Shutting down and abandoning module Slate (188)
[2018.12.18-04.00.40:400][359]LogModuleManager: Shutting down and abandoning module EditorStyle (186)
[2018.12.18-04.00.40:401][359]LogModuleManager: Shutting down and abandoning module MRMesh (184)
[2018.12.18-04.00.40:401][359]LogModuleManager: Shutting down and abandoning module SourceCodeAccess (182)
[2018.12.18-04.00.40:401][359]LogModuleManager: Shutting down and abandoning module HeadMountedDisplay (180)
[2018.12.18-04.00.40:401][359]LogModuleManager: Shutting down and abandoning module XAudio2 (178)
[2018.12.18-04.00.40:401][359]LogModuleManager: Shutting down and abandoning module Networking (176)
[2018.12.18-04.00.40:401][359]LogModuleManager: Shutting down and abandoning module Core (174)
[2018.12.18-04.00.40:401][359]LogModuleManager: Shutting down and abandoning module LevelSequence (172)
[2018.12.18-04.00.40:401][359]LogModuleManager: Shutting down and abandoning module KismetCompiler (170)
[2018.12.18-04.00.40:401][359]LogModuleManager: Shutting down and abandoning module MeshUtilities (168)
[2018.12.18-04.00.40:401][359]LogModuleManager: Shutting down and abandoning module MeshMergeUtilities (167)
[2018.12.18-04.00.40:401][359]LogModuleManager: Shutting down and abandoning module MeshReductionInterface (166)
[2018.12.18-04.00.40:401][359]LogModuleManager: Shutting down and abandoning module SimplygonSwarm (165)
[2018.12.18-04.00.40:401][359]LogModuleManager: Shutting down and abandoning module ProxyLODMeshReduction (163)
[2018.12.18-04.00.40:401][359]LogModuleManager: Shutting down and abandoning module SimplygonMeshReduction (161)
[2018.12.18-04.00.40:402][359]LogModuleManager: Shutting down and abandoning module QuadricMeshReduction (159)
[2018.12.18-04.00.40:402][359]LogModuleManager: Shutting down and abandoning module MaterialBaking (155)
[2018.12.18-04.00.40:402][359]LogModuleManager: Shutting down and abandoning module DirectoryWatcher (151)
[2018.12.18-04.00.40:402][359]LogModuleManager: Shutting down and abandoning module DerivedDataCache (148)
[2018.12.18-04.00.40:638][359]LogDerivedDataCache: Shutdown
[2018.12.18-04.00.40:638][359]LogModuleManager: Shutting down and abandoning module XGEController (146)
[2018.12.18-04.00.40:638][359]LogModuleManager: Shutting down and abandoning module TargetPlatform (144)
[2018.12.18-04.00.40:638][359]LogModuleManager: Shutting down and abandoning module VulkanShaderFormat (143)
[2018.12.18-04.00.40:638][359]LogModuleManager: Shutting down and abandoning module ShaderFormatVectorVM (141)
[2018.12.18-04.00.40:638][359]LogModuleManager: Shutting down and abandoning module ShaderFormatOpenGL (139)
[2018.12.18-04.00.40:638][359]LogModuleManager: Shutting down and abandoning module ShaderFormatD3D (137)
[2018.12.18-04.00.40:638][359]LogModuleManager: Shutting down and abandoning module MetalShaderFormat (135)
[2018.12.18-04.00.40:638][359]LogModuleManager: Shutting down and abandoning module TextureFormatUncompressed (133)
[2018.12.18-04.00.40:638][359]LogModuleManager: Shutting down and abandoning module TextureFormatPVR (131)
[2018.12.18-04.00.40:638][359]LogModuleManager: Shutting down and abandoning module TextureFormatDXT (129)
[2018.12.18-04.00.40:638][359]LogModuleManager: Shutting down and abandoning module TextureFormatIntelISPCTexComp (127)
[2018.12.18-04.00.40:638][359]LogModuleManager: Shutting down and abandoning module TextureFormatASTC (125)
[2018.12.18-04.00.40:638][359]LogModuleManager: Shutting down and abandoning module ImageWrapper (124)
[2018.12.18-04.00.40:638][359]LogModuleManager: Shutting down and abandoning module TextureFormatAndroid (121)
[2018.12.18-04.00.40:638][359]LogModuleManager: Shutting down and abandoning module AudioFormatOpus (119)
[2018.12.18-04.00.40:638][359]LogModuleManager: Shutting down and abandoning module AudioFormatOgg (117)
[2018.12.18-04.00.40:638][359]LogModuleManager: Shutting down and abandoning module AudioFormatADPCM (115)
[2018.12.18-04.00.40:638][359]LogModuleManager: Shutting down and abandoning module LuminTargetPlatform (113)
[2018.12.18-04.00.40:639][359]LogModuleManager: Shutting down and abandoning module TVOSTargetPlatform (111)
[2018.12.18-04.00.40:639][359]LogModuleManager: Shutting down and abandoning module Messaging (109)
[2018.12.18-04.00.40:639][359]LogModuleManager: Shutting down and abandoning module IOSTargetPlatform (107)
[2018.12.18-04.00.40:640][359]LogModuleManager: Shutting down and abandoning module HTML5TargetPlatform (105)
[2018.12.18-04.00.40:640][359]LogModuleManager: Shutting down and abandoning module AndroidTargetPlatform (103)
[2018.12.18-04.00.40:645][359]LogModuleManager: Shutting down and abandoning module WindowsTargetPlatform (101)
[2018.12.18-04.00.40:645][359]LogModuleManager: Shutting down and abandoning module WindowsServerTargetPlatform (99)
[2018.12.18-04.00.40:645][359]LogModuleManager: Shutting down and abandoning module WindowsNoEditorTargetPlatform (97)
[2018.12.18-04.00.40:645][359]LogModuleManager: Shutting down and abandoning module WindowsClientTargetPlatform (95)
[2018.12.18-04.00.40:645][359]LogModuleManager: Shutting down and abandoning module MacTargetPlatform (93)
[2018.12.18-04.00.40:645][359]LogModuleManager: Shutting down and abandoning module MacServerTargetPlatform (91)
[2018.12.18-04.00.40:645][359]LogModuleManager: Shutting down and abandoning module MacNoEditorTargetPlatform (89)
[2018.12.18-04.00.40:645][359]LogModuleManager: Shutting down and abandoning module MacClientTargetPlatform (87)
[2018.12.18-04.00.40:645][359]LogModuleManager: Shutting down and abandoning module AllDesktopTargetPlatform (85)
[2018.12.18-04.00.40:645][359]LogModuleManager: Shutting down and abandoning module InputCore (82)
[2018.12.18-04.00.40:645][359]LogModuleManager: Shutting down and abandoning module Settings (80)
[2018.12.18-04.00.40:645][359]LogModuleManager: Shutting down and abandoning module PhysXCooking (78)
[2018.12.18-04.00.40:645][359]LogModuleManager: Shutting down and abandoning module ExampleDeviceProfileSelector (76)
[2018.12.18-04.00.40:645][359]LogModuleManager: Shutting down and abandoning module LauncherChunkInstaller (74)
[2018.12.18-04.00.40:645][359]LogModuleManager: Shutting down and abandoning module OnlineBlueprintSupport (72)
[2018.12.18-04.00.40:645][359]LogModuleManager: Shutting down and abandoning module OnlineSubsystem (68)
[2018.12.18-04.00.40:646][359]LogModuleManager: Shutting down and abandoning module XMPP (63)
[2018.12.18-04.00.40:646][359]LogModuleManager: Shutting down and abandoning module WebSockets (62)
[2018.12.18-04.00.40:681][359]LogModuleManager: Shutting down and abandoning module HTTP (59)
[2018.12.18-04.00.40:681][359]LogHttp: Display: Http module shutting down, but needs to wait on 1 outstanding Http requests:
[2018.12.18-04.00.40:681][359]LogHttp: Display: 	verb=[POST] url=[https://datarouter.ol.epicgames.com/datarouter/api/v1/public/data?SessionID=%7BAA31B212-4487-1DEB-1953-90B2D740150A%7D&AppID=UEEditor.UnrealEngine.Release&AppVersion=4.21.1-0%2B%2B%2BUE4%2BRelease-4.21&UserID=4e62fdc046661daca00caeb1c6ba3d89%7C%7Cb9abf892-6297-4ebe-a44c-32437dec0ee3&AppEnvironment=datacollector-source&UploadType=eteventstream] status=Processing
[2018.12.18-04.00.40:682][359]LogHttp: Display: Sleeping 0.5s to wait for 1 outstanding Http requests.
[2018.12.18-04.00.41:182][359]LogHttp: Display: Sleeping 0.5s to wait for 1 outstanding Http requests.
[2018.12.18-04.00.41:683][359]LogHttp: Display: Sleeping 0.5s to wait for 1 outstanding Http requests.
[2018.12.18-04.00.42:184][359]LogHttp: Display: Sleeping 0.5s to wait for 1 outstanding Http requests.
[2018.12.18-04.00.42:685][359]LogHttp: Display: Sleeping 0.5s to wait for 1 outstanding Http requests.
[2018.12.18-04.00.43:185][359]LogHttp: Display: Sleeping 0.5s to wait for 1 outstanding Http requests.
[2018.12.18-04.00.43:685][359]LogHttp: Display: Sleeping 0.5s to wait for 1 outstanding Http requests.
[2018.12.18-04.00.44:186][359]LogHttp: Display: Sleeping 0.5s to wait for 1 outstanding Http requests.
[2018.12.18-04.00.44:686][359]LogHttp: Display: Sleeping 0.5s to wait for 1 outstanding Http requests.
[2018.12.18-04.00.45:187][359]LogHttp: Display: Sleeping 0.5s to wait for 1 outstanding Http requests.
[2018.12.18-04.00.45:687][359]LogHttp: Display: Sleeping 0.5s to wait for 1 outstanding Http requests.
[2018.12.18-04.00.46:188][359]LogHttp: Display: Sleeping 0.5s to wait for 1 outstanding Http requests.
[2018.12.18-04.00.46:689][359]LogHttp: Display: Sleeping 0.5s to wait for 1 outstanding Http requests.
[2018.12.18-04.00.47:189][359]LogHttp: Display: Sleeping 0.5s to wait for 1 outstanding Http requests.
[2018.12.18-04.00.47:690][359]LogHttp: Display: Sleeping 0.5s to wait for 1 outstanding Http requests.
[2018.12.18-04.00.48:191][359]LogHttp: Display: Sleeping 0.5s to wait for 1 outstanding Http requests.
[2018.12.18-04.00.48:691][359]LogHttp: Display: Sleeping 0.5s to wait for 1 outstanding Http requests.
[2018.12.18-04.00.49:192][359]LogHttp: Display: Sleeping 0.5s to wait for 1 outstanding Http requests.
[2018.12.18-04.00.49:692][359]LogHttp: Display: Sleeping 0.5s to wait for 1 outstanding Http requests.
[2018.12.18-04.00.50:192][359]LogHttp: Display: Sleeping 0.5s to wait for 1 outstanding Http requests.
[2018.12.18-04.00.50:693][359]LogHttp: Display: Sleeping 0.5s to wait for 1 outstanding Http requests.
[2018.12.18-04.00.51:193][359]LogHttp: Display: Sleeping 0.5s to wait for 1 outstanding Http requests.
[2018.12.18-04.00.51:694][359]LogHttp: Display: Sleeping 0.5s to wait for 1 outstanding Http requests.
[2018.12.18-04.00.52:195][359]LogHttp: Display: Sleeping 0.5s to wait for 1 outstanding Http requests.
[2018.12.18-04.00.52:695][359]LogHttp: Display: Sleeping 0.5s to wait for 1 outstanding Http requests.
[2018.12.18-04.00.53:196][359]LogHttp: Display: Sleeping 0.5s to wait for 1 outstanding Http requests.
[2018.12.18-04.00.53:696][359]LogHttp: Display: Sleeping 0.5s to wait for 1 outstanding Http requests.
[2018.12.18-04.00.54:197][359]LogHttp: Display: Sleeping 0.5s to wait for 1 outstanding Http requests.
[2018.12.18-04.00.54:697][359]LogHttp: Display: Sleeping 0.5s to wait for 1 outstanding Http requests.
[2018.12.18-04.00.55:198][359]LogHttp: Display: Sleeping 0.5s to wait for 1 outstanding Http requests.
[2018.12.18-04.00.55:700][359]LogHttp: Display: Sleeping 0.5s to wait for 1 outstanding Http requests.
[2018.12.18-04.00.56:200][359]LogHttp: Display: Sleeping 0.5s to wait for 1 outstanding Http requests.
[2018.12.18-04.00.56:702][359]LogHttp: Display: Sleeping 0.5s to wait for 1 outstanding Http requests.
[2018.12.18-04.00.57:202][359]LogHttp: Display: Sleeping 0.5s to wait for 1 outstanding Http requests.
[2018.12.18-04.00.57:704][359]LogHttp: Display: Sleeping 0.5s to wait for 1 outstanding Http requests.
[2018.12.18-04.00.58:204][359]LogHttp: Display: Sleeping 0.5s to wait for 1 outstanding Http requests.
[2018.12.18-04.00.58:705][359]LogHttp: Display: Sleeping 0.5s to wait for 1 outstanding Http requests.
[2018.12.18-04.00.59:205][359]LogHttp: Display: Sleeping 0.5s to wait for 1 outstanding Http requests.
[2018.12.18-04.00.59:706][359]LogHttp: Display: Sleeping 0.5s to wait for 1 outstanding Http requests.
[2018.12.18-04.01.00:207][359]LogHttp: Display: Sleeping 0.5s to wait for 1 outstanding Http requests.
[2018.12.18-04.01.00:707][359]LogHttp: Display: Sleeping 0.5s to wait for 1 outstanding Http requests.
[2018.12.18-04.01.01:208][359]LogHttp: Display: Sleeping 0.5s to wait for 1 outstanding Http requests.
[2018.12.18-04.01.01:709][359]LogHttp: Display: Sleeping 0.5s to wait for 1 outstanding Http requests.
[2018.12.18-04.01.02:210][359]LogHttp: Display: Sleeping 0.5s to wait for 1 outstanding Http requests.
[2018.12.18-04.01.02:711][359]LogHttp: Display: Sleeping 0.5s to wait for 1 outstanding Http requests.
[2018.12.18-04.01.03:211][359]LogHttp: Display: Sleeping 0.5s to wait for 1 outstanding Http requests.
[2018.12.18-04.01.03:712][359]LogHttp: Display: Sleeping 0.5s to wait for 1 outstanding Http requests.
[2018.12.18-04.01.04:213][359]LogHttp: Display: Sleeping 0.5s to wait for 1 outstanding Http requests.
[2018.12.18-04.01.04:713][359]LogHttp: Display: Sleeping 0.5s to wait for 1 outstanding Http requests.
[2018.12.18-04.01.05:214][359]LogHttp: Display: Sleeping 0.5s to wait for 1 outstanding Http requests.
[2018.12.18-04.01.05:714][359]LogHttp: Display: Sleeping 0.5s to wait for 1 outstanding Http requests.
[2018.12.18-04.01.06:215][359]LogHttp: Display: Sleeping 0.5s to wait for 1 outstanding Http requests.
[2018.12.18-04.01.06:715][359]LogHttp: Display: Sleeping 0.5s to wait for 1 outstanding Http requests.
[2018.12.18-04.01.07:216][359]LogHttp: Display: Sleeping 0.5s to wait for 1 outstanding Http requests.
[2018.12.18-04.01.07:717][359]LogHttp: Display: Sleeping 0.5s to wait for 1 outstanding Http requests.
[2018.12.18-04.01.08:217][359]LogHttp: Display: Sleeping 0.5s to wait for 1 outstanding Http requests.
[2018.12.18-04.01.08:718][359]LogHttp: Display: Sleeping 0.5s to wait for 1 outstanding Http requests.
[2018.12.18-04.01.09:219][359]LogHttp: Display: Sleeping 0.5s to wait for 1 outstanding Http requests.
[2018.12.18-04.01.09:719][359]LogHttp: Display: Sleeping 0.5s to wait for 1 outstanding Http requests.
[2018.12.18-04.01.10:220][359]LogHttp: Display: Sleeping 0.5s to wait for 1 outstanding Http requests.
[2018.12.18-04.01.10:721][359]LogHttp: Display: Sleeping 0.5s to wait for 1 outstanding Http requests.
[2018.12.18-04.01.11:222][359]LogHttp: Display: Sleeping 0.5s to wait for 1 outstanding Http requests.
[2018.12.18-04.01.11:723][359]LogHttp: Display: Sleeping 0.5s to wait for 1 outstanding Http requests.
[2018.12.18-04.01.12:224][359]LogHttp: Display: Sleeping 0.5s to wait for 1 outstanding Http requests.
[2018.12.18-04.01.12:725][359]LogHttp: Display: Sleeping 0.5s to wait for 1 outstanding Http requests.
[2018.12.18-04.01.13:225][359]LogHttp: Display: Sleeping 0.5s to wait for 1 outstanding Http requests.
[2018.12.18-04.01.13:725][359]LogHttp: Display: Sleeping 0.5s to wait for 1 outstanding Http requests.
[2018.12.18-04.01.14:226][359]LogHttp: Display: Sleeping 0.5s to wait for 1 outstanding Http requests.
[2018.12.18-04.01.14:726][359]LogHttp: Display: Sleeping 0.5s to wait for 1 outstanding Http requests.
[2018.12.18-04.01.15:227][359]LogHttp: Display: Sleeping 0.5s to wait for 1 outstanding Http requests.
[2018.12.18-04.01.15:727][359]LogHttp: Display: Sleeping 0.5s to wait for 1 outstanding Http requests.
[2018.12.18-04.01.16:228][359]LogHttp: Display: Sleeping 0.5s to wait for 1 outstanding Http requests.
[2018.12.18-04.01.16:728][359]LogHttp: Display: Sleeping 0.5s to wait for 1 outstanding Http requests.
[2018.12.18-04.01.17:229][359]LogHttp: Display: Sleeping 0.5s to wait for 1 outstanding Http requests.
[2018.12.18-04.01.17:729][359]LogHttp: Display: Sleeping 0.5s to wait for 1 outstanding Http requests.
[2018.12.18-04.01.18:229][359]LogHttp: Display: Sleeping 0.5s to wait for 1 outstanding Http requests.
[2018.12.18-04.01.18:730][359]LogHttp: Display: Sleeping 0.5s to wait for 1 outstanding Http requests.
[2018.12.18-04.01.19:230][359]LogHttp: Display: Sleeping 0.5s to wait for 1 outstanding Http requests.
[2018.12.18-04.01.19:731][359]LogHttp: Display: Sleeping 0.5s to wait for 1 outstanding Http requests.
[2018.12.18-04.01.20:231][359]LogHttp: Display: Sleeping 0.5s to wait for 1 outstanding Http requests.
[2018.12.18-04.01.20:731][359]LogHttp: Display: Sleeping 0.5s to wait for 1 outstanding Http requests.
[2018.12.18-04.01.21:232][359]LogHttp: Display: Sleeping 0.5s to wait for 1 outstanding Http requests.
[2018.12.18-04.01.21:733][359]LogHttp: Display: Sleeping 0.5s to wait for 1 outstanding Http requests.
[2018.12.18-04.01.22:234][359]LogHttp: Display: Sleeping 0.5s to wait for 1 outstanding Http requests.
[2018.12.18-04.01.22:734][359]LogHttp: Display: Sleeping 0.5s to wait for 1 outstanding Http requests.
[2018.12.18-04.01.23:235][359]LogHttp: Display: Sleeping 0.5s to wait for 1 outstanding Http requests.
[2018.12.18-04.01.23:736][359]LogHttp: Display: Sleeping 0.5s to wait for 1 outstanding Http requests.
[2018.12.18-04.01.24:236][359]LogHttp: Display: Sleeping 0.5s to wait for 1 outstanding Http requests.
[2018.12.18-04.01.24:737][359]LogHttp: Display: Sleeping 0.5s to wait for 1 outstanding Http requests.
[2018.12.18-04.01.25:238][359]LogHttp: Display: Sleeping 0.5s to wait for 1 outstanding Http requests.
[2018.12.18-04.01.25:738][359]LogHttp: Display: Sleeping 0.5s to wait for 1 outstanding Http requests.
[2018.12.18-04.01.26:239][359]LogHttp: Display: Sleeping 0.5s to wait for 1 outstanding Http requests.
[2018.12.18-04.01.26:740][359]LogHttp: Display: Sleeping 0.5s to wait for 1 outstanding Http requests.
[2018.12.18-04.01.27:240][359]LogHttp: Display: Sleeping 0.5s to wait for 1 outstanding Http requests.
[2018.12.18-04.01.27:740][359]LogHttp: Display: Sleeping 0.5s to wait for 1 outstanding Http requests.
[2018.12.18-04.01.28:241][359]LogHttp: Display: Sleeping 0.5s to wait for 1 outstanding Http requests.
[2018.12.18-04.01.28:742][359]LogHttp: Display: Sleeping 0.5s to wait for 1 outstanding Http requests.
[2018.12.18-04.01.29:242][359]LogHttp: Display: Sleeping 0.5s to wait for 1 outstanding Http requests.
[2018.12.18-04.01.29:743][359]LogHttp: Display: Sleeping 0.5s to wait for 1 outstanding Http requests.
[2018.12.18-04.01.30:244][359]LogHttp: Display: Sleeping 0.5s to wait for 1 outstanding Http requests.
[2018.12.18-04.01.30:744][359]LogHttp: Display: Sleeping 0.5s to wait for 1 outstanding Http requests.
[2018.12.18-04.01.31:244][359]LogHttp: Display: Sleeping 0.5s to wait for 1 outstanding Http requests.
[2018.12.18-04.01.31:745][359]LogHttp: Display: Sleeping 0.5s to wait for 1 outstanding Http requests.
[2018.12.18-04.01.32:245][359]LogHttp: Display: Sleeping 0.5s to wait for 1 outstanding Http requests.
[2018.12.18-04.01.32:745][359]LogHttp: Display: Sleeping 0.5s to wait for 1 outstanding Http requests.
